{"F:\\Cursor IA\\CLOSET - MANAGER\\closetfesta\\backend\\src\\server.js": {"path":"F:\\Cursor IA\\CLOSET - MANAGER\\closetfesta\\backend\\src\\server.js","statementMap":{"0":{"start":{"line":1,"column":16},"end":{"line":1,"column":34}},"1":{"start":{"line":2,"column":20},"end":{"line":2,"column":42}},"2":{"start":{"line":3,"column":13},"end":{"line":3,"column":28}},"3":{"start":{"line":4,"column":15},"end":{"line":4,"column":32}},"4":{"start":{"line":5,"column":18},"end":{"line":5,"column":47}},"5":{"start":{"line":6,"column":13},"end":{"line":6,"column":28}},"6":{"start":{"line":7,"column":11},"end":{"line":7,"column":24}},"7":{"start":{"line":10,"column":15},"end":{"line":10,"column":41}},"8":{"start":{"line":11,"column":60},"end":{"line":11,"column":86}},"9":{"start":{"line":12,"column":15},"end":{"line":12,"column":39}},"10":{"start":{"line":15,"column":21},"end":{"line":15,"column":49}},"11":{"start":{"line":16,"column":22},"end":{"line":16,"column":45}},"12":{"start":{"line":19,"column":17},"end":{"line":19,"column":21}},"13":{"start":{"line":20,"column":22},"end":{"line":20,"column":26}},"14":{"start":{"line":21,"column":0},"end":{"line":30,"column":1}},"15":{"start":{"line":22,"column":2},"end":{"line":29,"column":3}},"16":{"start":{"line":23,"column":66},"end":{"line":23,"column":97}},"17":{"start":{"line":24,"column":4},"end":{"line":24,"column":34}},"18":{"start":{"line":25,"column":4},"end":{"line":25,"column":43}},"19":{"start":{"line":26,"column":4},"end":{"line":26,"column":39}},"20":{"start":{"line":28,"column":4},"end":{"line":28,"column":77}},"21":{"start":{"line":33,"column":23},"end":{"line":33,"column":51}},"22":{"start":{"line":34,"column":25},"end":{"line":34,"column":55}},"23":{"start":{"line":35,"column":19},"end":{"line":35,"column":43}},"24":{"start":{"line":36,"column":21},"end":{"line":36,"column":47}},"25":{"start":{"line":39,"column":12},"end":{"line":39,"column":21}},"26":{"start":{"line":42,"column":0},"end":{"line":42,"column":37}},"27":{"start":{"line":44,"column":0},"end":{"line":49,"column":3}},"28":{"start":{"line":52,"column":27},"end":{"line":65,"column":1}},"29":{"start":{"line":53,"column":2},"end":{"line":64,"column":3}},"30":{"start":{"line":54,"column":4},"end":{"line":54,"column":55}},"31":{"start":{"line":55,"column":4},"end":{"line":55,"column":27}},"32":{"start":{"line":57,"column":4},"end":{"line":57,"column":50}},"33":{"start":{"line":58,"column":4},"end":{"line":58,"column":26}},"34":{"start":{"line":60,"column":4},"end":{"line":60,"column":55}},"35":{"start":{"line":62,"column":4},"end":{"line":62,"column":57}},"36":{"start":{"line":63,"column":4},"end":{"line":63,"column":20}},"37":{"start":{"line":68,"column":0},"end":{"line":68,"column":21}},"38":{"start":{"line":71,"column":26},"end":{"line":86,"column":1}},"39":{"start":{"line":72,"column":15},"end":{"line":78,"column":3}},"40":{"start":{"line":80,"column":2},"end":{"line":85,"column":5}},"41":{"start":{"line":81,"column":4},"end":{"line":84,"column":5}},"42":{"start":{"line":82,"column":6},"end":{"line":82,"column":45}},"43":{"start":{"line":83,"column":6},"end":{"line":83,"column":48}},"44":{"start":{"line":88,"column":0},"end":{"line":88,"column":20}},"45":{"start":{"line":91,"column":0},"end":{"line":104,"column":1}},"46":{"start":{"line":92,"column":2},"end":{"line":103,"column":6}},"47":{"start":{"line":107,"column":0},"end":{"line":109,"column":1}},"48":{"start":{"line":108,"column":2},"end":{"line":108,"column":25}},"49":{"start":{"line":112,"column":19},"end":{"line":133,"column":2}},"50":{"start":{"line":123,"column":4},"end":{"line":127,"column":7}},"51":{"start":{"line":128,"column":4},"end":{"line":131,"column":7}},"52":{"start":{"line":136,"column":20},"end":{"line":157,"column":2}},"53":{"start":{"line":147,"column":4},"end":{"line":151,"column":7}},"54":{"start":{"line":152,"column":4},"end":{"line":155,"column":7}},"55":{"start":{"line":159,"column":0},"end":{"line":159,"column":29}},"56":{"start":{"line":160,"column":0},"end":{"line":160,"column":35}},"57":{"start":{"line":163,"column":0},"end":{"line":169,"column":4}},"58":{"start":{"line":172,"column":0},"end":{"line":182,"column":4}},"59":{"start":{"line":176,"column":4},"end":{"line":180,"column":5}},"60":{"start":{"line":177,"column":20},"end":{"line":177,"column":53}},"61":{"start":{"line":178,"column":6},"end":{"line":178,"column":25}},"62":{"start":{"line":179,"column":6},"end":{"line":179,"column":18}},"63":{"start":{"line":184,"column":0},"end":{"line":187,"column":4}},"64":{"start":{"line":190,"column":0},"end":{"line":190,"column":31}},"65":{"start":{"line":193,"column":0},"end":{"line":193,"column":26}},"66":{"start":{"line":196,"column":0},"end":{"line":201,"column":4}},"67":{"start":{"line":204,"column":0},"end":{"line":228,"column":3}},"68":{"start":{"line":205,"column":21},"end":{"line":214,"column":3}},"69":{"start":{"line":217,"column":2},"end":{"line":224,"column":3}},"70":{"start":{"line":218,"column":4},"end":{"line":223,"column":5}},"71":{"start":{"line":219,"column":26},"end":{"line":219,"column":56}},"72":{"start":{"line":220,"column":6},"end":{"line":220,"column":37}},"73":{"start":{"line":222,"column":6},"end":{"line":222,"column":67}},"74":{"start":{"line":226,"column":2},"end":{"line":226,"column":66}},"75":{"start":{"line":227,"column":2},"end":{"line":227,"column":23}},"76":{"start":{"line":230,"column":0},"end":{"line":242,"column":3}},"77":{"start":{"line":231,"column":21},"end":{"line":238,"column":3}},"78":{"start":{"line":240,"column":2},"end":{"line":240,"column":74}},"79":{"start":{"line":241,"column":2},"end":{"line":241,"column":23}},"80":{"start":{"line":245,"column":0},"end":{"line":264,"column":3}},"81":{"start":{"line":246,"column":2},"end":{"line":263,"column":5}},"82":{"start":{"line":267,"column":0},"end":{"line":293,"column":3}},"83":{"start":{"line":268,"column":2},"end":{"line":273,"column":3}},"84":{"start":{"line":269,"column":4},"end":{"line":272,"column":7}},"85":{"start":{"line":275,"column":2},"end":{"line":292,"column":3}},"86":{"start":{"line":276,"column":20},"end":{"line":276,"column":44}},"87":{"start":{"line":277,"column":25},"end":{"line":277,"column":61}},"88":{"start":{"line":279,"column":4},"end":{"line":279,"column":60}},"89":{"start":{"line":281,"column":4},"end":{"line":285,"column":7}},"90":{"start":{"line":287,"column":4},"end":{"line":287,"column":48}},"91":{"start":{"line":288,"column":4},"end":{"line":291,"column":7}},"92":{"start":{"line":295,"column":0},"end":{"line":316,"column":3}},"93":{"start":{"line":296,"column":2},"end":{"line":301,"column":3}},"94":{"start":{"line":297,"column":4},"end":{"line":300,"column":7}},"95":{"start":{"line":303,"column":2},"end":{"line":315,"column":3}},"96":{"start":{"line":304,"column":18},"end":{"line":304,"column":45}},"97":{"start":{"line":305,"column":4},"end":{"line":308,"column":7}},"98":{"start":{"line":310,"column":4},"end":{"line":310,"column":53}},"99":{"start":{"line":311,"column":4},"end":{"line":314,"column":7}},"100":{"start":{"line":319,"column":0},"end":{"line":340,"column":1}},"101":{"start":{"line":320,"column":2},"end":{"line":325,"column":5}},"102":{"start":{"line":321,"column":4},"end":{"line":323,"column":5}},"103":{"start":{"line":322,"column":6},"end":{"line":322,"column":50}},"104":{"start":{"line":324,"column":4},"end":{"line":324,"column":11}},"105":{"start":{"line":327,"column":2},"end":{"line":332,"column":5}},"106":{"start":{"line":328,"column":4},"end":{"line":330,"column":5}},"107":{"start":{"line":329,"column":6},"end":{"line":329,"column":50}},"108":{"start":{"line":331,"column":4},"end":{"line":331,"column":11}},"109":{"start":{"line":334,"column":2},"end":{"line":339,"column":5}},"110":{"start":{"line":335,"column":4},"end":{"line":337,"column":5}},"111":{"start":{"line":336,"column":6},"end":{"line":336,"column":50}},"112":{"start":{"line":338,"column":4},"end":{"line":338,"column":11}},"113":{"start":{"line":343,"column":0},"end":{"line":343,"column":33}},"114":{"start":{"line":344,"column":0},"end":{"line":344,"column":41}},"115":{"start":{"line":345,"column":0},"end":{"line":345,"column":45}},"116":{"start":{"line":346,"column":0},"end":{"line":346,"column":37}},"117":{"start":{"line":349,"column":0},"end":{"line":406,"column":3}},"118":{"start":{"line":350,"column":2},"end":{"line":405,"column":3}},"119":{"start":{"line":351,"column":20},"end":{"line":351,"column":47}},"120":{"start":{"line":353,"column":20},"end":{"line":360,"column":5}},"121":{"start":{"line":362,"column":4},"end":{"line":362,"column":49}},"122":{"start":{"line":364,"column":21},"end":{"line":364,"column":51}},"123":{"start":{"line":367,"column":20},"end":{"line":367,"column":69}},"124":{"start":{"line":369,"column":29},"end":{"line":381,"column":6}},"125":{"start":{"line":370,"column":26},"end":{"line":370,"column":42}},"126":{"start":{"line":371,"column":6},"end":{"line":379,"column":7}},"127":{"start":{"line":372,"column":8},"end":{"line":378,"column":12}},"128":{"start":{"line":372,"column":60},"end":{"line":378,"column":9}},"129":{"start":{"line":380,"column":6},"end":{"line":380,"column":25}},"130":{"start":{"line":383,"column":4},"end":{"line":386,"column":7}},"131":{"start":{"line":388,"column":4},"end":{"line":397,"column":7}},"132":{"start":{"line":400,"column":4},"end":{"line":400,"column":61}},"133":{"start":{"line":401,"column":4},"end":{"line":404,"column":7}},"134":{"start":{"line":409,"column":0},"end":{"line":442,"column":3}},"135":{"start":{"line":410,"column":2},"end":{"line":415,"column":5}},"136":{"start":{"line":418,"column":2},"end":{"line":424,"column":3}},"137":{"start":{"line":419,"column":4},"end":{"line":423,"column":7}},"138":{"start":{"line":427,"column":2},"end":{"line":432,"column":3}},"139":{"start":{"line":428,"column":4},"end":{"line":431,"column":7}},"140":{"start":{"line":435,"column":2},"end":{"line":441,"column":5}},"141":{"start":{"line":445,"column":0},"end":{"line":476,"column":3}},"142":{"start":{"line":446,"column":2},"end":{"line":450,"column":5}},"143":{"start":{"line":452,"column":2},"end":{"line":475,"column":5}},"144":{"start":{"line":479,"column":25},"end":{"line":494,"column":1}},"145":{"start":{"line":480,"column":2},"end":{"line":480,"column":69}},"146":{"start":{"line":482,"column":17},"end":{"line":485,"column":4}},"147":{"start":{"line":483,"column":4},"end":{"line":483,"column":52}},"148":{"start":{"line":484,"column":4},"end":{"line":484,"column":20}},"149":{"start":{"line":488,"column":2},"end":{"line":493,"column":12}},"150":{"start":{"line":489,"column":4},"end":{"line":489,"column":55}},"151":{"start":{"line":490,"column":4},"end":{"line":492,"column":7}},"152":{"start":{"line":491,"column":6},"end":{"line":491,"column":22}},"153":{"start":{"line":496,"column":0},"end":{"line":496,"column":57}},"154":{"start":{"line":496,"column":28},"end":{"line":496,"column":55}},"155":{"start":{"line":497,"column":0},"end":{"line":497,"column":55}},"156":{"start":{"line":497,"column":27},"end":{"line":497,"column":53}},"157":{"start":{"line":500,"column":15},"end":{"line":546,"column":2}},"158":{"start":{"line":501,"column":2},"end":{"line":510,"column":5}},"159":{"start":{"line":512,"column":2},"end":{"line":545,"column":5}},"160":{"start":{"line":549,"column":0},"end":{"line":549,"column":23}},"161":{"start":{"line":551,"column":0},"end":{"line":551,"column":21}}},"fnMap":{"0":{"name":"(anonymous_0)","decl":{"start":{"line":52,"column":27},"end":{"line":52,"column":28}},"loc":{"start":{"line":52,"column":39},"end":{"line":65,"column":1}},"line":52},"1":{"name":"(anonymous_1)","decl":{"start":{"line":71,"column":26},"end":{"line":71,"column":27}},"loc":{"start":{"line":71,"column":32},"end":{"line":86,"column":1}},"line":71},"2":{"name":"(anonymous_2)","decl":{"start":{"line":80,"column":15},"end":{"line":80,"column":16}},"loc":{"start":{"line":80,"column":22},"end":{"line":85,"column":3}},"line":80},"3":{"name":"(anonymous_3)","decl":{"start":{"line":122,"column":11},"end":{"line":122,"column":12}},"loc":{"start":{"line":122,"column":25},"end":{"line":132,"column":3}},"line":122},"4":{"name":"(anonymous_4)","decl":{"start":{"line":146,"column":11},"end":{"line":146,"column":12}},"loc":{"start":{"line":146,"column":25},"end":{"line":156,"column":3}},"line":146},"5":{"name":"(anonymous_5)","decl":{"start":{"line":174,"column":10},"end":{"line":174,"column":11}},"loc":{"start":{"line":174,"column":29},"end":{"line":181,"column":3}},"line":174},"6":{"name":"(anonymous_6)","decl":{"start":{"line":204,"column":19},"end":{"line":204,"column":20}},"loc":{"start":{"line":204,"column":39},"end":{"line":228,"column":1}},"line":204},"7":{"name":"(anonymous_7)","decl":{"start":{"line":230,"column":23},"end":{"line":230,"column":24}},"loc":{"start":{"line":230,"column":37},"end":{"line":242,"column":1}},"line":230},"8":{"name":"(anonymous_8)","decl":{"start":{"line":245,"column":21},"end":{"line":245,"column":22}},"loc":{"start":{"line":245,"column":35},"end":{"line":264,"column":1}},"line":245},"9":{"name":"(anonymous_9)","decl":{"start":{"line":267,"column":25},"end":{"line":267,"column":26}},"loc":{"start":{"line":267,"column":45},"end":{"line":293,"column":1}},"line":267},"10":{"name":"(anonymous_10)","decl":{"start":{"line":295,"column":28},"end":{"line":295,"column":29}},"loc":{"start":{"line":295,"column":48},"end":{"line":316,"column":1}},"line":295},"11":{"name":"(anonymous_11)","decl":{"start":{"line":320,"column":27},"end":{"line":320,"column":28}},"loc":{"start":{"line":320,"column":47},"end":{"line":325,"column":3}},"line":320},"12":{"name":"(anonymous_12)","decl":{"start":{"line":327,"column":29},"end":{"line":327,"column":30}},"loc":{"start":{"line":327,"column":49},"end":{"line":332,"column":3}},"line":327},"13":{"name":"(anonymous_13)","decl":{"start":{"line":334,"column":26},"end":{"line":334,"column":27}},"loc":{"start":{"line":334,"column":46},"end":{"line":339,"column":3}},"line":334},"14":{"name":"(anonymous_14)","decl":{"start":{"line":349,"column":33},"end":{"line":349,"column":34}},"loc":{"start":{"line":349,"column":53},"end":{"line":406,"column":1}},"line":349},"15":{"name":"(anonymous_15)","decl":{"start":{"line":369,"column":42},"end":{"line":369,"column":43}},"loc":{"start":{"line":369,"column":53},"end":{"line":381,"column":5}},"line":369},"16":{"name":"(anonymous_16)","decl":{"start":{"line":372,"column":52},"end":{"line":372,"column":53}},"loc":{"start":{"line":372,"column":60},"end":{"line":378,"column":9}},"line":372},"17":{"name":"(anonymous_17)","decl":{"start":{"line":409,"column":8},"end":{"line":409,"column":9}},"loc":{"start":{"line":409,"column":35},"end":{"line":442,"column":1}},"line":409},"18":{"name":"(anonymous_18)","decl":{"start":{"line":445,"column":13},"end":{"line":445,"column":14}},"loc":{"start":{"line":445,"column":27},"end":{"line":476,"column":1}},"line":445},"19":{"name":"(anonymous_19)","decl":{"start":{"line":479,"column":25},"end":{"line":479,"column":26}},"loc":{"start":{"line":479,"column":37},"end":{"line":494,"column":1}},"line":479},"20":{"name":"(anonymous_20)","decl":{"start":{"line":482,"column":48},"end":{"line":482,"column":49}},"loc":{"start":{"line":482,"column":54},"end":{"line":485,"column":3}},"line":482},"21":{"name":"(anonymous_21)","decl":{"start":{"line":488,"column":13},"end":{"line":488,"column":14}},"loc":{"start":{"line":488,"column":19},"end":{"line":493,"column":3}},"line":488},"22":{"name":"(anonymous_22)","decl":{"start":{"line":490,"column":17},"end":{"line":490,"column":18}},"loc":{"start":{"line":490,"column":23},"end":{"line":492,"column":5}},"line":490},"23":{"name":"(anonymous_23)","decl":{"start":{"line":496,"column":22},"end":{"line":496,"column":23}},"loc":{"start":{"line":496,"column":28},"end":{"line":496,"column":55}},"line":496},"24":{"name":"(anonymous_24)","decl":{"start":{"line":497,"column":21},"end":{"line":497,"column":22}},"loc":{"start":{"line":497,"column":27},"end":{"line":497,"column":53}},"line":497},"25":{"name":"(anonymous_25)","decl":{"start":{"line":500,"column":66},"end":{"line":500,"column":67}},"loc":{"start":{"line":500,"column":72},"end":{"line":546,"column":1}},"line":500}},"branchMap":{"0":{"loc":{"start":{"line":21,"column":0},"end":{"line":30,"column":1}},"type":"if","locations":[{"start":{"line":21,"column":0},"end":{"line":30,"column":1}},{"start":{},"end":{}}],"line":21},"1":{"loc":{"start":{"line":81,"column":4},"end":{"line":84,"column":5}},"type":"if","locations":[{"start":{"line":81,"column":4},"end":{"line":84,"column":5}},{"start":{},"end":{}}],"line":81},"2":{"loc":{"start":{"line":91,"column":0},"end":{"line":104,"column":1}},"type":"if","locations":[{"start":{"line":91,"column":0},"end":{"line":104,"column":1}},{"start":{},"end":{}}],"line":91},"3":{"loc":{"start":{"line":107,"column":0},"end":{"line":109,"column":1}},"type":"if","locations":[{"start":{"line":107,"column":0},"end":{"line":109,"column":1}},{"start":{},"end":{}}],"line":107},"4":{"loc":{"start":{"line":176,"column":4},"end":{"line":180,"column":5}},"type":"if","locations":[{"start":{"line":176,"column":4},"end":{"line":180,"column":5}},{"start":{},"end":{}}],"line":176},"5":{"loc":{"start":{"line":217,"column":2},"end":{"line":224,"column":3}},"type":"if","locations":[{"start":{"line":217,"column":2},"end":{"line":224,"column":3}},{"start":{},"end":{}}],"line":217},"6":{"loc":{"start":{"line":261,"column":13},"end":{"line":261,"column":56}},"type":"binary-expr","locations":[{"start":{"line":261,"column":13},"end":{"line":261,"column":33}},{"start":{"line":261,"column":37},"end":{"line":261,"column":56}}],"line":261},"7":{"loc":{"start":{"line":268,"column":2},"end":{"line":273,"column":3}},"type":"if","locations":[{"start":{"line":268,"column":2},"end":{"line":273,"column":3}},{"start":{},"end":{}}],"line":268},"8":{"loc":{"start":{"line":276,"column":20},"end":{"line":276,"column":44}},"type":"binary-expr","locations":[{"start":{"line":276,"column":20},"end":{"line":276,"column":37}},{"start":{"line":276,"column":41},"end":{"line":276,"column":44}}],"line":276},"9":{"loc":{"start":{"line":296,"column":2},"end":{"line":301,"column":3}},"type":"if","locations":[{"start":{"line":296,"column":2},"end":{"line":301,"column":3}},{"start":{},"end":{}}],"line":296},"10":{"loc":{"start":{"line":319,"column":0},"end":{"line":340,"column":1}},"type":"if","locations":[{"start":{"line":319,"column":0},"end":{"line":340,"column":1}},{"start":{},"end":{}}],"line":319},"11":{"loc":{"start":{"line":321,"column":4},"end":{"line":323,"column":5}},"type":"if","locations":[{"start":{"line":321,"column":4},"end":{"line":323,"column":5}},{"start":{},"end":{}}],"line":321},"12":{"loc":{"start":{"line":328,"column":4},"end":{"line":330,"column":5}},"type":"if","locations":[{"start":{"line":328,"column":4},"end":{"line":330,"column":5}},{"start":{},"end":{}}],"line":328},"13":{"loc":{"start":{"line":335,"column":4},"end":{"line":337,"column":5}},"type":"if","locations":[{"start":{"line":335,"column":4},"end":{"line":337,"column":5}},{"start":{},"end":{}}],"line":335},"14":{"loc":{"start":{"line":358,"column":22},"end":{"line":358,"column":53}},"type":"binary-expr","locations":[{"start":{"line":358,"column":22},"end":{"line":358,"column":47}},{"start":{"line":358,"column":51},"end":{"line":358,"column":53}}],"line":358},"15":{"loc":{"start":{"line":359,"column":14},"end":{"line":359,"column":45}},"type":"binary-expr","locations":[{"start":{"line":359,"column":14},"end":{"line":359,"column":40}},{"start":{"line":359,"column":44},"end":{"line":359,"column":45}}],"line":359},"16":{"loc":{"start":{"line":371,"column":6},"end":{"line":379,"column":7}},"type":"if","locations":[{"start":{"line":371,"column":6},"end":{"line":379,"column":7}},{"start":{},"end":{}}],"line":371},"17":{"loc":{"start":{"line":375,"column":25},"end":{"line":377,"column":120}},"type":"cond-expr","locations":[{"start":{"line":376,"column":14},"end":{"line":376,"column":43}},{"start":{"line":377,"column":14},"end":{"line":377,"column":120}}],"line":375},"18":{"loc":{"start":{"line":418,"column":2},"end":{"line":424,"column":3}},"type":"if","locations":[{"start":{"line":418,"column":2},"end":{"line":424,"column":3}},{"start":{},"end":{}}],"line":418},"19":{"loc":{"start":{"line":427,"column":2},"end":{"line":432,"column":3}},"type":"if","locations":[{"start":{"line":427,"column":2},"end":{"line":432,"column":3}},{"start":{},"end":{}}],"line":427},"20":{"loc":{"start":{"line":427,"column":6},"end":{"line":427,"column":77}},"type":"binary-expr","locations":[{"start":{"line":427,"column":6},"end":{"line":427,"column":34}},{"start":{"line":427,"column":38},"end":{"line":427,"column":58}},{"start":{"line":427,"column":62},"end":{"line":427,"column":77}}],"line":427},"21":{"loc":{"start":{"line":435,"column":13},"end":{"line":435,"column":32}},"type":"binary-expr","locations":[{"start":{"line":435,"column":13},"end":{"line":435,"column":25}},{"start":{"line":435,"column":29},"end":{"line":435,"column":32}}],"line":435},"22":{"loc":{"start":{"line":437,"column":13},"end":{"line":439,"column":21}},"type":"cond-expr","locations":[{"start":{"line":438,"column":8},"end":{"line":438,"column":34}},{"start":{"line":439,"column":8},"end":{"line":439,"column":21}}],"line":437},"23":{"loc":{"start":{"line":440,"column":8},"end":{"line":440,"column":68}},"type":"binary-expr","locations":[{"start":{"line":440,"column":8},"end":{"line":440,"column":42}},{"start":{"line":440,"column":46},"end":{"line":440,"column":68}}],"line":440}},"s":{"0":0,"1":0,"2":0,"3":0,"4":0,"5":0,"6":0,"7":0,"8":0,"9":0,"10":0,"11":0,"12":0,"13":0,"14":0,"15":0,"16":0,"17":0,"18":0,"19":0,"20":0,"21":0,"22":0,"23":0,"24":0,"25":0,"26":0,"27":0,"28":0,"29":0,"30":0,"31":0,"32":0,"33":0,"34":0,"35":0,"36":0,"37":0,"38":0,"39":0,"40":0,"41":0,"42":0,"43":0,"44":0,"45":0,"46":0,"47":0,"48":0,"49":0,"50":0,"51":0,"52":0,"53":0,"54":0,"55":0,"56":0,"57":0,"58":0,"59":0,"60":0,"61":0,"62":0,"63":0,"64":0,"65":0,"66":0,"67":0,"68":0,"69":0,"70":0,"71":0,"72":0,"73":0,"74":0,"75":0,"76":0,"77":0,"78":0,"79":0,"80":0,"81":0,"82":0,"83":0,"84":0,"85":0,"86":0,"87":0,"88":0,"89":0,"90":0,"91":0,"92":0,"93":0,"94":0,"95":0,"96":0,"97":0,"98":0,"99":0,"100":0,"101":0,"102":0,"103":0,"104":0,"105":0,"106":0,"107":0,"108":0,"109":0,"110":0,"111":0,"112":0,"113":0,"114":0,"115":0,"116":0,"117":0,"118":0,"119":0,"120":0,"121":0,"122":0,"123":0,"124":0,"125":0,"126":0,"127":0,"128":0,"129":0,"130":0,"131":0,"132":0,"133":0,"134":0,"135":0,"136":0,"137":0,"138":0,"139":0,"140":0,"141":0,"142":0,"143":0,"144":0,"145":0,"146":0,"147":0,"148":0,"149":0,"150":0,"151":0,"152":0,"153":0,"154":0,"155":0,"156":0,"157":0,"158":0,"159":0,"160":0,"161":0},"f":{"0":0,"1":0,"2":0,"3":0,"4":0,"5":0,"6":0,"7":0,"8":0,"9":0,"10":0,"11":0,"12":0,"13":0,"14":0,"15":0,"16":0,"17":0,"18":0,"19":0,"20":0,"21":0,"22":0,"23":0,"24":0,"25":0},"b":{"0":[0,0],"1":[0,0],"2":[0,0],"3":[0,0],"4":[0,0],"5":[0,0],"6":[0,0],"7":[0,0],"8":[0,0],"9":[0,0],"10":[0,0],"11":[0,0],"12":[0,0],"13":[0,0],"14":[0,0],"15":[0,0],"16":[0,0],"17":[0,0],"18":[0,0],"19":[0,0],"20":[0,0,0],"21":[0,0],"22":[0,0],"23":[0,0]}}
,"F:\\Cursor IA\\CLOSET - MANAGER\\closetfesta\\backend\\src\\config\\cache-redis.js": {"path":"F:\\Cursor IA\\CLOSET - MANAGER\\closetfesta\\backend\\src\\config\\cache-redis.js","statementMap":{"0":{"start":{"line":1,"column":14},"end":{"line":1,"column":30}},"1":{"start":{"line":2,"column":15},"end":{"line":2,"column":34}},"2":{"start":{"line":3,"column":25},"end":{"line":3,"column":44}},"3":{"start":{"line":5,"column":15},"end":{"line":5,"column":39}},"4":{"start":{"line":9,"column":4},"end":{"line":9,"column":23}},"5":{"start":{"line":10,"column":4},"end":{"line":10,"column":29}},"6":{"start":{"line":11,"column":4},"end":{"line":11,"column":27}},"7":{"start":{"line":12,"column":4},"end":{"line":12,"column":24}},"8":{"start":{"line":17,"column":24},"end":{"line":35,"column":5}},"9":{"start":{"line":38,"column":4},"end":{"line":40,"column":5}},"10":{"start":{"line":39,"column":6},"end":{"line":39,"column":51}},"11":{"start":{"line":43,"column":4},"end":{"line":45,"column":5}},"12":{"start":{"line":44,"column":6},"end":{"line":44,"column":57}},"13":{"start":{"line":47,"column":4},"end":{"line":52,"column":7}},"14":{"start":{"line":54,"column":4},"end":{"line":54,"column":43}},"15":{"start":{"line":59,"column":4},"end":{"line":95,"column":5}},"16":{"start":{"line":60,"column":6},"end":{"line":60,"column":40}},"17":{"start":{"line":63,"column":6},"end":{"line":63,"column":33}},"18":{"start":{"line":66,"column":6},"end":{"line":66,"column":34}},"19":{"start":{"line":69,"column":19},"end":{"line":69,"column":43}},"20":{"start":{"line":71,"column":6},"end":{"line":74,"column":9}},"21":{"start":{"line":76,"column":6},"end":{"line":76,"column":30}},"22":{"start":{"line":77,"column":6},"end":{"line":77,"column":29}},"23":{"start":{"line":79,"column":6},"end":{"line":79,"column":25}},"24":{"start":{"line":81,"column":6},"end":{"line":81,"column":56}},"25":{"start":{"line":82,"column":6},"end":{"line":82,"column":31}},"26":{"start":{"line":85,"column":6},"end":{"line":92,"column":7}},"27":{"start":{"line":86,"column":8},"end":{"line":86,"column":29}},"28":{"start":{"line":87,"column":8},"end":{"line":87,"column":95}},"29":{"start":{"line":89,"column":8},"end":{"line":91,"column":38}},"30":{"start":{"line":90,"column":10},"end":{"line":90,"column":25}},"31":{"start":{"line":94,"column":6},"end":{"line":94,"column":18}},"32":{"start":{"line":100,"column":4},"end":{"line":102,"column":7}},"33":{"start":{"line":101,"column":6},"end":{"line":101,"column":44}},"34":{"start":{"line":104,"column":4},"end":{"line":107,"column":7}},"35":{"start":{"line":105,"column":6},"end":{"line":105,"column":40}},"36":{"start":{"line":106,"column":6},"end":{"line":106,"column":30}},"37":{"start":{"line":109,"column":4},"end":{"line":112,"column":7}},"38":{"start":{"line":110,"column":6},"end":{"line":110,"column":48}},"39":{"start":{"line":111,"column":6},"end":{"line":111,"column":31}},"40":{"start":{"line":114,"column":4},"end":{"line":116,"column":7}},"41":{"start":{"line":115,"column":6},"end":{"line":115,"column":50}},"42":{"start":{"line":118,"column":4},"end":{"line":121,"column":7}},"43":{"start":{"line":119,"column":6},"end":{"line":119,"column":51}},"44":{"start":{"line":120,"column":6},"end":{"line":120,"column":31}},"45":{"start":{"line":126,"column":4},"end":{"line":128,"column":5}},"46":{"start":{"line":127,"column":6},"end":{"line":127,"column":45}},"47":{"start":{"line":133,"column":4},"end":{"line":133,"column":27}},"48":{"start":{"line":135,"column":4},"end":{"line":150,"column":5}},"49":{"start":{"line":136,"column":20},"end":{"line":136,"column":30}},"50":{"start":{"line":137,"column":20},"end":{"line":137,"column":46}},"51":{"start":{"line":138,"column":23},"end":{"line":138,"column":41}},"52":{"start":{"line":140,"column":6},"end":{"line":144,"column":9}},"53":{"start":{"line":146,"column":6},"end":{"line":146,"column":46}},"54":{"start":{"line":148,"column":6},"end":{"line":148,"column":54}},"55":{"start":{"line":149,"column":6},"end":{"line":149,"column":18}},"56":{"start":{"line":155,"column":4},"end":{"line":155,"column":27}},"57":{"start":{"line":157,"column":4},"end":{"line":181,"column":5}},"58":{"start":{"line":158,"column":20},"end":{"line":158,"column":30}},"59":{"start":{"line":159,"column":30},"end":{"line":159,"column":51}},"60":{"start":{"line":162,"column":6},"end":{"line":166,"column":7}},"61":{"start":{"line":163,"column":8},"end":{"line":163,"column":68}},"62":{"start":{"line":165,"column":8},"end":{"line":165,"column":61}},"63":{"start":{"line":168,"column":23},"end":{"line":168,"column":41}},"64":{"start":{"line":170,"column":6},"end":{"line":175,"column":9}},"65":{"start":{"line":177,"column":6},"end":{"line":177,"column":20}},"66":{"start":{"line":179,"column":6},"end":{"line":179,"column":59}},"67":{"start":{"line":180,"column":6},"end":{"line":180,"column":19}},"68":{"start":{"line":186,"column":4},"end":{"line":186,"column":27}},"69":{"start":{"line":188,"column":4},"end":{"line":203,"column":5}},"70":{"start":{"line":189,"column":20},"end":{"line":189,"column":30}},"71":{"start":{"line":190,"column":21},"end":{"line":190,"column":47}},"72":{"start":{"line":191,"column":23},"end":{"line":191,"column":41}},"73":{"start":{"line":193,"column":6},"end":{"line":197,"column":9}},"74":{"start":{"line":199,"column":6},"end":{"line":199,"column":24}},"75":{"start":{"line":201,"column":6},"end":{"line":201,"column":54}},"76":{"start":{"line":202,"column":6},"end":{"line":202,"column":19}},"77":{"start":{"line":208,"column":4},"end":{"line":208,"column":27}},"78":{"start":{"line":210,"column":4},"end":{"line":216,"column":5}},"79":{"start":{"line":211,"column":21},"end":{"line":211,"column":50}},"80":{"start":{"line":212,"column":6},"end":{"line":212,"column":26}},"81":{"start":{"line":214,"column":6},"end":{"line":214,"column":57}},"82":{"start":{"line":215,"column":6},"end":{"line":215,"column":19}},"83":{"start":{"line":221,"column":4},"end":{"line":221,"column":27}},"84":{"start":{"line":223,"column":4},"end":{"line":236,"column":5}},"85":{"start":{"line":224,"column":21},"end":{"line":224,"column":55}},"86":{"start":{"line":226,"column":6},"end":{"line":230,"column":9}},"87":{"start":{"line":232,"column":6},"end":{"line":232,"column":26}},"88":{"start":{"line":234,"column":6},"end":{"line":234,"column":62}},"89":{"start":{"line":235,"column":6},"end":{"line":235,"column":19}},"90":{"start":{"line":241,"column":4},"end":{"line":241,"column":27}},"91":{"start":{"line":243,"column":4},"end":{"line":258,"column":5}},"92":{"start":{"line":244,"column":21},"end":{"line":246,"column":43}},"93":{"start":{"line":248,"column":6},"end":{"line":252,"column":9}},"94":{"start":{"line":254,"column":6},"end":{"line":254,"column":20}},"95":{"start":{"line":256,"column":6},"end":{"line":256,"column":59}},"96":{"start":{"line":257,"column":6},"end":{"line":257,"column":18}},"97":{"start":{"line":263,"column":4},"end":{"line":263,"column":27}},"98":{"start":{"line":265,"column":4},"end":{"line":282,"column":5}},"99":{"start":{"line":266,"column":20},"end":{"line":266,"column":30}},"100":{"start":{"line":267,"column":21},"end":{"line":267,"column":49}},"101":{"start":{"line":268,"column":23},"end":{"line":268,"column":41}},"102":{"start":{"line":270,"column":21},"end":{"line":270,"column":74}},"103":{"start":{"line":270,"column":41},"end":{"line":270,"column":73}},"104":{"start":{"line":272,"column":6},"end":{"line":276,"column":9}},"105":{"start":{"line":274,"column":37},"end":{"line":274,"column":47}},"106":{"start":{"line":278,"column":6},"end":{"line":278,"column":20}},"107":{"start":{"line":280,"column":6},"end":{"line":280,"column":56}},"108":{"start":{"line":281,"column":6},"end":{"line":281,"column":34}},"109":{"start":{"line":281,"column":28},"end":{"line":281,"column":32}},"110":{"start":{"line":287,"column":4},"end":{"line":287,"column":27}},"111":{"start":{"line":289,"column":4},"end":{"line":308,"column":5}},"112":{"start":{"line":290,"column":19},"end":{"line":290,"column":50}},"113":{"start":{"line":292,"column":6},"end":{"line":302,"column":7}},"114":{"start":{"line":293,"column":23},"end":{"line":293,"column":50}},"115":{"start":{"line":295,"column":8},"end":{"line":299,"column":11}},"116":{"start":{"line":301,"column":8},"end":{"line":301,"column":22}},"117":{"start":{"line":304,"column":6},"end":{"line":304,"column":15}},"118":{"start":{"line":306,"column":6},"end":{"line":306,"column":71}},"119":{"start":{"line":307,"column":6},"end":{"line":307,"column":15}},"120":{"start":{"line":313,"column":4},"end":{"line":313,"column":27}},"121":{"start":{"line":315,"column":4},"end":{"line":322,"column":5}},"122":{"start":{"line":316,"column":6},"end":{"line":316,"column":34}},"123":{"start":{"line":317,"column":6},"end":{"line":317,"column":44}},"124":{"start":{"line":318,"column":6},"end":{"line":318,"column":18}},"125":{"start":{"line":320,"column":6},"end":{"line":320,"column":47}},"126":{"start":{"line":321,"column":6},"end":{"line":321,"column":19}},"127":{"start":{"line":327,"column":4},"end":{"line":327,"column":27}},"128":{"start":{"line":329,"column":4},"end":{"line":346,"column":5}},"129":{"start":{"line":330,"column":19},"end":{"line":330,"column":51}},"130":{"start":{"line":331,"column":23},"end":{"line":331,"column":57}},"131":{"start":{"line":332,"column":20},"end":{"line":332,"column":51}},"132":{"start":{"line":334,"column":6},"end":{"line":339,"column":8}},"133":{"start":{"line":341,"column":6},"end":{"line":341,"column":47}},"134":{"start":{"line":342,"column":6},"end":{"line":345,"column":8}},"135":{"start":{"line":351,"column":4},"end":{"line":370,"column":5}},"136":{"start":{"line":352,"column":20},"end":{"line":352,"column":30}},"137":{"start":{"line":353,"column":19},"end":{"line":353,"column":43}},"138":{"start":{"line":354,"column":23},"end":{"line":354,"column":41}},"139":{"start":{"line":356,"column":6},"end":{"line":361,"column":8}},"140":{"start":{"line":363,"column":6},"end":{"line":363,"column":55}},"141":{"start":{"line":365,"column":6},"end":{"line":369,"column":8}},"142":{"start":{"line":375,"column":4},"end":{"line":380,"column":5}},"143":{"start":{"line":376,"column":6},"end":{"line":376,"column":49}},"144":{"start":{"line":377,"column":6},"end":{"line":377,"column":31}},"145":{"start":{"line":378,"column":6},"end":{"line":378,"column":31}},"146":{"start":{"line":379,"column":6},"end":{"line":379,"column":45}},"147":{"start":{"line":385,"column":24},"end":{"line":432,"column":1}},"148":{"start":{"line":386,"column":2},"end":{"line":431,"column":4}},"149":{"start":{"line":387,"column":4},"end":{"line":389,"column":5}},"150":{"start":{"line":388,"column":6},"end":{"line":388,"column":20}},"151":{"start":{"line":392,"column":21},"end":{"line":392,"column":61}},"152":{"start":{"line":394,"column":4},"end":{"line":430,"column":5}},"153":{"start":{"line":395,"column":20},"end":{"line":395,"column":36}},"154":{"start":{"line":396,"column":6},"end":{"line":398,"column":7}},"155":{"start":{"line":397,"column":8},"end":{"line":397,"column":22}},"156":{"start":{"line":401,"column":29},"end":{"line":401,"column":54}},"157":{"start":{"line":403,"column":6},"end":{"line":411,"column":7}},"158":{"start":{"line":404,"column":8},"end":{"line":408,"column":11}},"159":{"start":{"line":410,"column":8},"end":{"line":410,"column":40}},"160":{"start":{"line":414,"column":27},"end":{"line":414,"column":45}},"161":{"start":{"line":415,"column":6},"end":{"line":424,"column":8}},"162":{"start":{"line":417,"column":8},"end":{"line":421,"column":9}},"163":{"start":{"line":418,"column":10},"end":{"line":420,"column":13}},"164":{"start":{"line":419,"column":12},"end":{"line":419,"column":79}},"165":{"start":{"line":423,"column":8},"end":{"line":423,"column":34}},"166":{"start":{"line":426,"column":6},"end":{"line":426,"column":13}},"167":{"start":{"line":428,"column":6},"end":{"line":428,"column":52}},"168":{"start":{"line":429,"column":6},"end":{"line":429,"column":13}},"169":{"start":{"line":434,"column":0},"end":{"line":437,"column":2}}},"fnMap":{"0":{"name":"(anonymous_0)","decl":{"start":{"line":8,"column":2},"end":{"line":8,"column":3}},"loc":{"start":{"line":8,"column":16},"end":{"line":13,"column":3}},"line":8},"1":{"name":"(anonymous_1)","decl":{"start":{"line":16,"column":2},"end":{"line":16,"column":3}},"loc":{"start":{"line":16,"column":17},"end":{"line":55,"column":3}},"line":16},"2":{"name":"(anonymous_2)","decl":{"start":{"line":58,"column":2},"end":{"line":58,"column":3}},"loc":{"start":{"line":58,"column":18},"end":{"line":96,"column":3}},"line":58},"3":{"name":"(anonymous_3)","decl":{"start":{"line":89,"column":19},"end":{"line":89,"column":20}},"loc":{"start":{"line":89,"column":25},"end":{"line":91,"column":9}},"line":89},"4":{"name":"(anonymous_4)","decl":{"start":{"line":99,"column":2},"end":{"line":99,"column":3}},"loc":{"start":{"line":99,"column":24},"end":{"line":122,"column":3}},"line":99},"5":{"name":"(anonymous_5)","decl":{"start":{"line":100,"column":30},"end":{"line":100,"column":31}},"loc":{"start":{"line":100,"column":36},"end":{"line":102,"column":5}},"line":100},"6":{"name":"(anonymous_6)","decl":{"start":{"line":104,"column":28},"end":{"line":104,"column":29}},"loc":{"start":{"line":104,"column":34},"end":{"line":107,"column":5}},"line":104},"7":{"name":"(anonymous_7)","decl":{"start":{"line":109,"column":28},"end":{"line":109,"column":29}},"loc":{"start":{"line":109,"column":39},"end":{"line":112,"column":5}},"line":109},"8":{"name":"(anonymous_8)","decl":{"start":{"line":114,"column":35},"end":{"line":114,"column":36}},"loc":{"start":{"line":114,"column":41},"end":{"line":116,"column":5}},"line":114},"9":{"name":"(anonymous_9)","decl":{"start":{"line":118,"column":26},"end":{"line":118,"column":27}},"loc":{"start":{"line":118,"column":32},"end":{"line":121,"column":5}},"line":118},"10":{"name":"(anonymous_10)","decl":{"start":{"line":125,"column":2},"end":{"line":125,"column":3}},"loc":{"start":{"line":125,"column":20},"end":{"line":129,"column":3}},"line":125},"11":{"name":"(anonymous_11)","decl":{"start":{"line":132,"column":2},"end":{"line":132,"column":3}},"loc":{"start":{"line":132,"column":17},"end":{"line":151,"column":3}},"line":132},"12":{"name":"(anonymous_12)","decl":{"start":{"line":154,"column":2},"end":{"line":154,"column":3}},"loc":{"start":{"line":154,"column":48},"end":{"line":182,"column":3}},"line":154},"13":{"name":"(anonymous_13)","decl":{"start":{"line":185,"column":2},"end":{"line":185,"column":3}},"loc":{"start":{"line":185,"column":17},"end":{"line":204,"column":3}},"line":185},"14":{"name":"(anonymous_14)","decl":{"start":{"line":207,"column":2},"end":{"line":207,"column":3}},"loc":{"start":{"line":207,"column":20},"end":{"line":217,"column":3}},"line":207},"15":{"name":"(anonymous_15)","decl":{"start":{"line":220,"column":2},"end":{"line":220,"column":3}},"loc":{"start":{"line":220,"column":25},"end":{"line":237,"column":3}},"line":220},"16":{"name":"(anonymous_16)","decl":{"start":{"line":240,"column":2},"end":{"line":240,"column":3}},"loc":{"start":{"line":240,"column":26},"end":{"line":259,"column":3}},"line":240},"17":{"name":"(anonymous_17)","decl":{"start":{"line":262,"column":2},"end":{"line":262,"column":3}},"loc":{"start":{"line":262,"column":19},"end":{"line":283,"column":3}},"line":262},"18":{"name":"(anonymous_18)","decl":{"start":{"line":270,"column":32},"end":{"line":270,"column":33}},"loc":{"start":{"line":270,"column":41},"end":{"line":270,"column":73}},"line":270},"19":{"name":"(anonymous_19)","decl":{"start":{"line":274,"column":32},"end":{"line":274,"column":33}},"loc":{"start":{"line":274,"column":37},"end":{"line":274,"column":47}},"line":274},"20":{"name":"(anonymous_20)","decl":{"start":{"line":281,"column":22},"end":{"line":281,"column":23}},"loc":{"start":{"line":281,"column":28},"end":{"line":281,"column":32}},"line":281},"21":{"name":"(anonymous_21)","decl":{"start":{"line":286,"column":2},"end":{"line":286,"column":3}},"loc":{"start":{"line":286,"column":28},"end":{"line":309,"column":3}},"line":286},"22":{"name":"(anonymous_22)","decl":{"start":{"line":312,"column":2},"end":{"line":312,"column":3}},"loc":{"start":{"line":312,"column":16},"end":{"line":323,"column":3}},"line":312},"23":{"name":"(anonymous_23)","decl":{"start":{"line":326,"column":2},"end":{"line":326,"column":3}},"loc":{"start":{"line":326,"column":19},"end":{"line":347,"column":3}},"line":326},"24":{"name":"(anonymous_24)","decl":{"start":{"line":350,"column":2},"end":{"line":350,"column":3}},"loc":{"start":{"line":350,"column":22},"end":{"line":371,"column":3}},"line":350},"25":{"name":"(anonymous_25)","decl":{"start":{"line":374,"column":2},"end":{"line":374,"column":3}},"loc":{"start":{"line":374,"column":16},"end":{"line":381,"column":3}},"line":374},"26":{"name":"(anonymous_26)","decl":{"start":{"line":385,"column":24},"end":{"line":385,"column":25}},"loc":{"start":{"line":385,"column":52},"end":{"line":432,"column":1}},"line":385},"27":{"name":"(anonymous_27)","decl":{"start":{"line":386,"column":9},"end":{"line":386,"column":10}},"loc":{"start":{"line":386,"column":35},"end":{"line":431,"column":3}},"line":386},"28":{"name":"(anonymous_28)","decl":{"start":{"line":415,"column":17},"end":{"line":415,"column":18}},"loc":{"start":{"line":415,"column":27},"end":{"line":424,"column":7}},"line":415},"29":{"name":"(anonymous_29)","decl":{"start":{"line":418,"column":47},"end":{"line":418,"column":48}},"loc":{"start":{"line":418,"column":56},"end":{"line":420,"column":11}},"line":418}},"branchMap":{"0":{"loc":{"start":{"line":19,"column":14},"end":{"line":19,"column":46}},"type":"binary-expr","locations":[{"start":{"line":19,"column":14},"end":{"line":19,"column":31}},{"start":{"line":19,"column":35},"end":{"line":19,"column":46}}],"line":19},"1":{"loc":{"start":{"line":20,"column":14},"end":{"line":20,"column":39}},"type":"binary-expr","locations":[{"start":{"line":20,"column":14},"end":{"line":20,"column":31}},{"start":{"line":20,"column":35},"end":{"line":20,"column":39}}],"line":20},"2":{"loc":{"start":{"line":34,"column":10},"end":{"line":34,"column":36}},"type":"binary-expr","locations":[{"start":{"line":34,"column":10},"end":{"line":34,"column":31}},{"start":{"line":34,"column":35},"end":{"line":34,"column":36}}],"line":34},"3":{"loc":{"start":{"line":38,"column":4},"end":{"line":40,"column":5}},"type":"if","locations":[{"start":{"line":38,"column":4},"end":{"line":40,"column":5}},{"start":{},"end":{}}],"line":38},"4":{"loc":{"start":{"line":43,"column":4},"end":{"line":45,"column":5}},"type":"if","locations":[{"start":{"line":43,"column":4},"end":{"line":45,"column":5}},{"start":{},"end":{}}],"line":43},"5":{"loc":{"start":{"line":44,"column":31},"end":{"line":44,"column":56}},"type":"binary-expr","locations":[{"start":{"line":44,"column":31},"end":{"line":44,"column":47}},{"start":{"line":44,"column":51},"end":{"line":44,"column":56}}],"line":44},"6":{"loc":{"start":{"line":85,"column":6},"end":{"line":92,"column":7}},"type":"if","locations":[{"start":{"line":85,"column":6},"end":{"line":92,"column":7}},{"start":{},"end":{}}],"line":85},"7":{"loc":{"start":{"line":126,"column":4},"end":{"line":128,"column":5}},"type":"if","locations":[{"start":{"line":126,"column":4},"end":{"line":128,"column":5}},{"start":{},"end":{}}],"line":126},"8":{"loc":{"start":{"line":126,"column":8},"end":{"line":126,"column":41}},"type":"binary-expr","locations":[{"start":{"line":126,"column":8},"end":{"line":126,"column":25}},{"start":{"line":126,"column":29},"end":{"line":126,"column":41}}],"line":126},"9":{"loc":{"start":{"line":146,"column":13},"end":{"line":146,"column":45}},"type":"cond-expr","locations":[{"start":{"line":146,"column":21},"end":{"line":146,"column":38}},{"start":{"line":146,"column":41},"end":{"line":146,"column":45}}],"line":146},"10":{"loc":{"start":{"line":154,"column":24},"end":{"line":154,"column":46}},"type":"default-arg","locations":[{"start":{"line":154,"column":30},"end":{"line":154,"column":46}}],"line":154},"11":{"loc":{"start":{"line":162,"column":6},"end":{"line":166,"column":7}},"type":"if","locations":[{"start":{"line":162,"column":6},"end":{"line":166,"column":7}},{"start":{"line":164,"column":13},"end":{"line":166,"column":7}}],"line":162},"12":{"loc":{"start":{"line":240,"column":18},"end":{"line":240,"column":24}},"type":"default-arg","locations":[{"start":{"line":240,"column":23},"end":{"line":240,"column":24}}],"line":240},"13":{"loc":{"start":{"line":244,"column":21},"end":{"line":246,"column":43}},"type":"cond-expr","locations":[{"start":{"line":245,"column":10},"end":{"line":245,"column":37}},{"start":{"line":246,"column":10},"end":{"line":246,"column":43}}],"line":244},"14":{"loc":{"start":{"line":270,"column":41},"end":{"line":270,"column":73}},"type":"cond-expr","locations":[{"start":{"line":270,"column":49},"end":{"line":270,"column":66}},{"start":{"line":270,"column":69},"end":{"line":270,"column":73}}],"line":270},"15":{"loc":{"start":{"line":292,"column":6},"end":{"line":302,"column":7}},"type":"if","locations":[{"start":{"line":292,"column":6},"end":{"line":302,"column":7}},{"start":{},"end":{}}],"line":292},"16":{"loc":{"start":{"line":375,"column":4},"end":{"line":380,"column":5}},"type":"if","locations":[{"start":{"line":375,"column":4},"end":{"line":380,"column":5}},{"start":{},"end":{}}],"line":375},"17":{"loc":{"start":{"line":385,"column":25},"end":{"line":385,"column":47}},"type":"default-arg","locations":[{"start":{"line":385,"column":31},"end":{"line":385,"column":47}}],"line":385},"18":{"loc":{"start":{"line":387,"column":4},"end":{"line":389,"column":5}},"type":"if","locations":[{"start":{"line":387,"column":4},"end":{"line":389,"column":5}},{"start":{},"end":{}}],"line":387},"19":{"loc":{"start":{"line":396,"column":6},"end":{"line":398,"column":7}},"type":"if","locations":[{"start":{"line":396,"column":6},"end":{"line":398,"column":7}},{"start":{},"end":{}}],"line":396},"20":{"loc":{"start":{"line":403,"column":6},"end":{"line":411,"column":7}},"type":"if","locations":[{"start":{"line":403,"column":6},"end":{"line":411,"column":7}},{"start":{},"end":{}}],"line":403},"21":{"loc":{"start":{"line":417,"column":8},"end":{"line":421,"column":9}},"type":"if","locations":[{"start":{"line":417,"column":8},"end":{"line":421,"column":9}},{"start":{},"end":{}}],"line":417}},"s":{"0":0,"1":0,"2":0,"3":0,"4":0,"5":0,"6":0,"7":0,"8":0,"9":0,"10":0,"11":0,"12":0,"13":0,"14":0,"15":0,"16":0,"17":0,"18":0,"19":0,"20":0,"21":0,"22":0,"23":0,"24":0,"25":0,"26":0,"27":0,"28":0,"29":0,"30":0,"31":0,"32":0,"33":0,"34":0,"35":0,"36":0,"37":0,"38":0,"39":0,"40":0,"41":0,"42":0,"43":0,"44":0,"45":0,"46":0,"47":0,"48":0,"49":0,"50":0,"51":0,"52":0,"53":0,"54":0,"55":0,"56":0,"57":0,"58":0,"59":0,"60":0,"61":0,"62":0,"63":0,"64":0,"65":0,"66":0,"67":0,"68":0,"69":0,"70":0,"71":0,"72":0,"73":0,"74":0,"75":0,"76":0,"77":0,"78":0,"79":0,"80":0,"81":0,"82":0,"83":0,"84":0,"85":0,"86":0,"87":0,"88":0,"89":0,"90":0,"91":0,"92":0,"93":0,"94":0,"95":0,"96":0,"97":0,"98":0,"99":0,"100":0,"101":0,"102":0,"103":0,"104":0,"105":0,"106":0,"107":0,"108":0,"109":0,"110":0,"111":0,"112":0,"113":0,"114":0,"115":0,"116":0,"117":0,"118":0,"119":0,"120":0,"121":0,"122":0,"123":0,"124":0,"125":0,"126":0,"127":0,"128":0,"129":0,"130":0,"131":0,"132":0,"133":0,"134":0,"135":0,"136":0,"137":0,"138":0,"139":0,"140":0,"141":0,"142":0,"143":0,"144":0,"145":0,"146":0,"147":0,"148":0,"149":0,"150":0,"151":0,"152":0,"153":0,"154":0,"155":0,"156":0,"157":0,"158":0,"159":0,"160":0,"161":0,"162":0,"163":0,"164":0,"165":0,"166":0,"167":0,"168":0,"169":0},"f":{"0":0,"1":0,"2":0,"3":0,"4":0,"5":0,"6":0,"7":0,"8":0,"9":0,"10":0,"11":0,"12":0,"13":0,"14":0,"15":0,"16":0,"17":0,"18":0,"19":0,"20":0,"21":0,"22":0,"23":0,"24":0,"25":0,"26":0,"27":0,"28":0,"29":0},"b":{"0":[0,0],"1":[0,0],"2":[0,0],"3":[0,0],"4":[0,0],"5":[0,0],"6":[0,0],"7":[0,0],"8":[0,0],"9":[0,0],"10":[0],"11":[0,0],"12":[0],"13":[0,0],"14":[0,0],"15":[0,0],"16":[0,0],"17":[0],"18":[0,0],"19":[0,0],"20":[0,0],"21":[0,0]}}
,"F:\\Cursor IA\\CLOSET - MANAGER\\closetfesta\\backend\\src\\config\\config.js": {"path":"F:\\Cursor IA\\CLOSET - MANAGER\\closetfesta\\backend\\src\\config\\config.js","statementMap":{"0":{"start":{"line":1,"column":0},"end":{"line":1,"column":27}},"1":{"start":{"line":3,"column":15},"end":{"line":134,"column":1}},"2":{"start":{"line":137,"column":23},"end":{"line":155,"column":1}},"3":{"start":{"line":138,"column":17},"end":{"line":138,"column":19}},"4":{"start":{"line":140,"column":2},"end":{"line":142,"column":3}},"5":{"start":{"line":141,"column":4},"end":{"line":141,"column":64}},"6":{"start":{"line":144,"column":2},"end":{"line":146,"column":3}},"7":{"start":{"line":145,"column":4},"end":{"line":145,"column":57}},"8":{"start":{"line":148,"column":2},"end":{"line":150,"column":3}},"9":{"start":{"line":149,"column":4},"end":{"line":149,"column":71}},"10":{"start":{"line":152,"column":2},"end":{"line":154,"column":3}},"11":{"start":{"line":153,"column":4},"end":{"line":153,"column":68}},"12":{"start":{"line":158,"column":0},"end":{"line":158,"column":17}},"13":{"start":{"line":160,"column":0},"end":{"line":160,"column":24}}},"fnMap":{"0":{"name":"(anonymous_0)","decl":{"start":{"line":137,"column":23},"end":{"line":137,"column":24}},"loc":{"start":{"line":137,"column":29},"end":{"line":155,"column":1}},"line":137}},"branchMap":{"0":{"loc":{"start":{"line":6,"column":10},"end":{"line":6,"column":34}},"type":"binary-expr","locations":[{"start":{"line":6,"column":10},"end":{"line":6,"column":26}},{"start":{"line":6,"column":30},"end":{"line":6,"column":34}}],"line":6},"1":{"loc":{"start":{"line":7,"column":9},"end":{"line":7,"column":46}},"type":"binary-expr","locations":[{"start":{"line":7,"column":9},"end":{"line":7,"column":29}},{"start":{"line":7,"column":33},"end":{"line":7,"column":46}}],"line":7},"2":{"loc":{"start":{"line":8,"column":10},"end":{"line":8,"column":41}},"type":"binary-expr","locations":[{"start":{"line":8,"column":10},"end":{"line":8,"column":26}},{"start":{"line":8,"column":30},"end":{"line":8,"column":41}}],"line":8},"3":{"loc":{"start":{"line":11,"column":15},"end":{"line":22,"column":11}},"type":"cond-expr","locations":[{"start":{"line":12,"column":10},"end":{"line":12,"column":45}},{"start":{"line":13,"column":10},"end":{"line":22,"column":11}}],"line":11},"4":{"loc":{"start":{"line":29,"column":10},"end":{"line":29,"column":41}},"type":"binary-expr","locations":[{"start":{"line":29,"column":10},"end":{"line":29,"column":29}},{"start":{"line":29,"column":33},"end":{"line":29,"column":41}}],"line":29},"5":{"loc":{"start":{"line":30,"column":10},"end":{"line":30,"column":44}},"type":"binary-expr","locations":[{"start":{"line":30,"column":10},"end":{"line":30,"column":29}},{"start":{"line":30,"column":33},"end":{"line":30,"column":44}}],"line":30},"6":{"loc":{"start":{"line":31,"column":10},"end":{"line":31,"column":37}},"type":"binary-expr","locations":[{"start":{"line":31,"column":10},"end":{"line":31,"column":29}},{"start":{"line":31,"column":33},"end":{"line":31,"column":37}}],"line":31},"7":{"loc":{"start":{"line":32,"column":10},"end":{"line":32,"column":47}},"type":"binary-expr","locations":[{"start":{"line":32,"column":10},"end":{"line":32,"column":29}},{"start":{"line":32,"column":33},"end":{"line":32,"column":47}}],"line":32},"8":{"loc":{"start":{"line":33,"column":14},"end":{"line":33,"column":43}},"type":"binary-expr","locations":[{"start":{"line":33,"column":14},"end":{"line":33,"column":37}},{"start":{"line":33,"column":41},"end":{"line":33,"column":43}}],"line":33},"9":{"loc":{"start":{"line":34,"column":14},"end":{"line":34,"column":43}},"type":"binary-expr","locations":[{"start":{"line":34,"column":14},"end":{"line":34,"column":37}},{"start":{"line":34,"column":41},"end":{"line":34,"column":43}}],"line":34},"10":{"loc":{"start":{"line":35,"column":10},"end":{"line":35,"column":57}},"type":"binary-expr","locations":[{"start":{"line":35,"column":10},"end":{"line":35,"column":29}},{"start":{"line":35,"column":33},"end":{"line":35,"column":57}}],"line":35},"11":{"loc":{"start":{"line":37,"column":11},"end":{"line":37,"column":49}},"type":"binary-expr","locations":[{"start":{"line":37,"column":11},"end":{"line":37,"column":44}},{"start":{"line":37,"column":48},"end":{"line":37,"column":49}}],"line":37},"12":{"loc":{"start":{"line":38,"column":11},"end":{"line":38,"column":50}},"type":"binary-expr","locations":[{"start":{"line":38,"column":11},"end":{"line":38,"column":44}},{"start":{"line":38,"column":48},"end":{"line":38,"column":50}}],"line":38},"13":{"loc":{"start":{"line":46,"column":15},"end":{"line":46,"column":77}},"type":"binary-expr","locations":[{"start":{"line":46,"column":15},"end":{"line":46,"column":37}},{"start":{"line":46,"column":41},"end":{"line":46,"column":77}}],"line":46},"14":{"loc":{"start":{"line":47,"column":18},"end":{"line":47,"column":52}},"type":"binary-expr","locations":[{"start":{"line":47,"column":18},"end":{"line":47,"column":44}},{"start":{"line":47,"column":48},"end":{"line":47,"column":52}}],"line":47},"15":{"loc":{"start":{"line":48,"column":27},"end":{"line":48,"column":72}},"type":"binary-expr","locations":[{"start":{"line":48,"column":27},"end":{"line":48,"column":63}},{"start":{"line":48,"column":67},"end":{"line":48,"column":72}}],"line":48},"16":{"loc":{"start":{"line":49,"column":16},"end":{"line":49,"column":55}},"type":"binary-expr","locations":[{"start":{"line":49,"column":16},"end":{"line":49,"column":49}},{"start":{"line":49,"column":53},"end":{"line":49,"column":55}}],"line":49},"17":{"loc":{"start":{"line":50,"column":22},"end":{"line":50,"column":67}},"type":"binary-expr","locations":[{"start":{"line":50,"column":22},"end":{"line":50,"column":62}},{"start":{"line":50,"column":66},"end":{"line":50,"column":67}}],"line":50},"18":{"loc":{"start":{"line":51,"column":17},"end":{"line":51,"column":69}},"type":"binary-expr","locations":[{"start":{"line":51,"column":17},"end":{"line":51,"column":51}},{"start":{"line":51,"column":55},"end":{"line":51,"column":69}}],"line":51},"19":{"loc":{"start":{"line":56,"column":17},"end":{"line":56,"column":72}},"type":"binary-expr","locations":[{"start":{"line":56,"column":17},"end":{"line":56,"column":52}},{"start":{"line":56,"column":56},"end":{"line":56,"column":72}}],"line":56},"20":{"loc":{"start":{"line":57,"column":22},"end":{"line":59,"column":62}},"type":"cond-expr","locations":[{"start":{"line":58,"column":8},"end":{"line":58,"column":49}},{"start":{"line":59,"column":8},"end":{"line":59,"column":62}}],"line":57},"21":{"loc":{"start":{"line":60,"column":15},"end":{"line":60,"column":52}},"type":"binary-expr","locations":[{"start":{"line":60,"column":15},"end":{"line":60,"column":37}},{"start":{"line":60,"column":41},"end":{"line":60,"column":52}}],"line":60},"22":{"loc":{"start":{"line":61,"column":13},"end":{"line":61,"column":45}},"type":"binary-expr","locations":[{"start":{"line":61,"column":13},"end":{"line":61,"column":33}},{"start":{"line":61,"column":37},"end":{"line":61,"column":45}}],"line":61},"23":{"loc":{"start":{"line":62,"column":18},"end":{"line":62,"column":59}},"type":"binary-expr","locations":[{"start":{"line":62,"column":18},"end":{"line":62,"column":53}},{"start":{"line":62,"column":57},"end":{"line":62,"column":59}}],"line":62},"24":{"loc":{"start":{"line":64,"column":13},"end":{"line":64,"column":57}},"type":"binary-expr","locations":[{"start":{"line":64,"column":13},"end":{"line":64,"column":50}},{"start":{"line":64,"column":54},"end":{"line":64,"column":57}}],"line":64},"25":{"loc":{"start":{"line":65,"column":14},"end":{"line":65,"column":59}},"type":"binary-expr","locations":[{"start":{"line":65,"column":14},"end":{"line":65,"column":52}},{"start":{"line":65,"column":56},"end":{"line":65,"column":59}}],"line":65},"26":{"loc":{"start":{"line":71,"column":14},"end":{"line":71,"column":71}},"type":"binary-expr","locations":[{"start":{"line":71,"column":14},"end":{"line":71,"column":53}},{"start":{"line":71,"column":57},"end":{"line":71,"column":71}}],"line":71},"27":{"loc":{"start":{"line":72,"column":9},"end":{"line":72,"column":52}},"type":"binary-expr","locations":[{"start":{"line":72,"column":9},"end":{"line":72,"column":45}},{"start":{"line":72,"column":49},"end":{"line":72,"column":52}}],"line":72},"28":{"loc":{"start":{"line":73,"column":13},"end":{"line":73,"column":59}},"type":"binary-expr","locations":[{"start":{"line":73,"column":13},"end":{"line":73,"column":54}},{"start":{"line":73,"column":58},"end":{"line":73,"column":59}}],"line":73},"29":{"loc":{"start":{"line":74,"column":18},"end":{"line":74,"column":80}},"type":"binary-expr","locations":[{"start":{"line":74,"column":18},"end":{"line":74,"column":62}},{"start":{"line":74,"column":66},"end":{"line":74,"column":80}}],"line":74},"30":{"loc":{"start":{"line":79,"column":11},"end":{"line":79,"column":42}},"type":"binary-expr","locations":[{"start":{"line":79,"column":11},"end":{"line":79,"column":32}},{"start":{"line":79,"column":36},"end":{"line":79,"column":42}}],"line":79},"31":{"loc":{"start":{"line":80,"column":10},"end":{"line":80,"column":48}},"type":"binary-expr","locations":[{"start":{"line":80,"column":10},"end":{"line":80,"column":30}},{"start":{"line":80,"column":34},"end":{"line":80,"column":48}}],"line":80},"32":{"loc":{"start":{"line":81,"column":13},"end":{"line":81,"column":46}},"type":"binary-expr","locations":[{"start":{"line":81,"column":13},"end":{"line":81,"column":37}},{"start":{"line":81,"column":41},"end":{"line":81,"column":46}}],"line":81},"33":{"loc":{"start":{"line":82,"column":14},"end":{"line":82,"column":54}},"type":"binary-expr","locations":[{"start":{"line":82,"column":14},"end":{"line":82,"column":49}},{"start":{"line":82,"column":53},"end":{"line":82,"column":54}}],"line":82},"34":{"loc":{"start":{"line":83,"column":17},"end":{"line":83,"column":61}},"type":"binary-expr","locations":[{"start":{"line":83,"column":17},"end":{"line":83,"column":45}},{"start":{"line":83,"column":49},"end":{"line":83,"column":61}}],"line":83},"35":{"loc":{"start":{"line":89,"column":13},"end":{"line":89,"column":49}},"type":"binary-expr","locations":[{"start":{"line":89,"column":13},"end":{"line":89,"column":38}},{"start":{"line":89,"column":42},"end":{"line":89,"column":49}}],"line":89},"36":{"loc":{"start":{"line":90,"column":10},"end":{"line":90,"column":38}},"type":"binary-expr","locations":[{"start":{"line":90,"column":10},"end":{"line":90,"column":32}},{"start":{"line":90,"column":36},"end":{"line":90,"column":38}}],"line":90},"37":{"loc":{"start":{"line":91,"column":14},"end":{"line":91,"column":46}},"type":"binary-expr","locations":[{"start":{"line":91,"column":14},"end":{"line":91,"column":40}},{"start":{"line":91,"column":44},"end":{"line":91,"column":46}}],"line":91},"38":{"loc":{"start":{"line":92,"column":10},"end":{"line":92,"column":61}},"type":"binary-expr","locations":[{"start":{"line":92,"column":10},"end":{"line":92,"column":32}},{"start":{"line":92,"column":36},"end":{"line":92,"column":61}}],"line":92},"39":{"loc":{"start":{"line":98,"column":10},"end":{"line":98,"column":47}},"type":"binary-expr","locations":[{"start":{"line":98,"column":10},"end":{"line":98,"column":32}},{"start":{"line":98,"column":36},"end":{"line":98,"column":47}}],"line":98},"40":{"loc":{"start":{"line":99,"column":10},"end":{"line":99,"column":50}},"type":"binary-expr","locations":[{"start":{"line":99,"column":10},"end":{"line":99,"column":42}},{"start":{"line":99,"column":46},"end":{"line":99,"column":50}}],"line":99},"41":{"loc":{"start":{"line":100,"column":14},"end":{"line":100,"column":46}},"type":"binary-expr","locations":[{"start":{"line":100,"column":14},"end":{"line":100,"column":40}},{"start":{"line":100,"column":44},"end":{"line":100,"column":46}}],"line":100},"42":{"loc":{"start":{"line":101,"column":14},"end":{"line":101,"column":55}},"type":"binary-expr","locations":[{"start":{"line":101,"column":14},"end":{"line":101,"column":50}},{"start":{"line":101,"column":54},"end":{"line":101,"column":55}}],"line":101},"43":{"loc":{"start":{"line":102,"column":9},"end":{"line":102,"column":48}},"type":"binary-expr","locations":[{"start":{"line":102,"column":9},"end":{"line":102,"column":40}},{"start":{"line":102,"column":44},"end":{"line":102,"column":48}}],"line":102},"44":{"loc":{"start":{"line":103,"column":9},"end":{"line":103,"column":48}},"type":"binary-expr","locations":[{"start":{"line":103,"column":9},"end":{"line":103,"column":40}},{"start":{"line":103,"column":44},"end":{"line":103,"column":48}}],"line":103},"45":{"loc":{"start":{"line":110,"column":14},"end":{"line":110,"column":56}},"type":"binary-expr","locations":[{"start":{"line":110,"column":14},"end":{"line":110,"column":41}},{"start":{"line":110,"column":45},"end":{"line":110,"column":56}}],"line":110},"46":{"loc":{"start":{"line":111,"column":15},"end":{"line":111,"column":58}},"type":"binary-expr","locations":[{"start":{"line":111,"column":15},"end":{"line":111,"column":53}},{"start":{"line":111,"column":57},"end":{"line":111,"column":58}}],"line":111},"47":{"loc":{"start":{"line":112,"column":10},"end":{"line":112,"column":48}},"type":"binary-expr","locations":[{"start":{"line":112,"column":10},"end":{"line":112,"column":33}},{"start":{"line":112,"column":37},"end":{"line":112,"column":48}}],"line":112},"48":{"loc":{"start":{"line":120,"column":15},"end":{"line":120,"column":54}},"type":"binary-expr","locations":[{"start":{"line":120,"column":15},"end":{"line":120,"column":47}},{"start":{"line":120,"column":51},"end":{"line":120,"column":54}}],"line":120},"49":{"loc":{"start":{"line":121,"column":13},"end":{"line":121,"column":39}},"type":"binary-expr","locations":[{"start":{"line":121,"column":13},"end":{"line":121,"column":33}},{"start":{"line":121,"column":37},"end":{"line":121,"column":39}}],"line":121},"50":{"loc":{"start":{"line":122,"column":12},"end":{"line":122,"column":37}},"type":"binary-expr","locations":[{"start":{"line":122,"column":12},"end":{"line":122,"column":31}},{"start":{"line":122,"column":35},"end":{"line":122,"column":37}}],"line":122},"51":{"loc":{"start":{"line":127,"column":10},"end":{"line":127,"column":48}},"type":"binary-expr","locations":[{"start":{"line":127,"column":10},"end":{"line":127,"column":30}},{"start":{"line":127,"column":34},"end":{"line":127,"column":48}}],"line":127},"52":{"loc":{"start":{"line":128,"column":13},"end":{"line":128,"column":47}},"type":"binary-expr","locations":[{"start":{"line":128,"column":13},"end":{"line":128,"column":36}},{"start":{"line":128,"column":40},"end":{"line":128,"column":47}}],"line":128},"53":{"loc":{"start":{"line":129,"column":17},"end":{"line":129,"column":94}},"type":"binary-expr","locations":[{"start":{"line":129,"column":17},"end":{"line":129,"column":44}},{"start":{"line":129,"column":48},"end":{"line":129,"column":94}}],"line":129},"54":{"loc":{"start":{"line":130,"column":14},"end":{"line":130,"column":51}},"type":"binary-expr","locations":[{"start":{"line":130,"column":14},"end":{"line":130,"column":28}},{"start":{"line":130,"column":32},"end":{"line":130,"column":51}}],"line":130},"55":{"loc":{"start":{"line":131,"column":14},"end":{"line":131,"column":43}},"type":"binary-expr","locations":[{"start":{"line":131,"column":14},"end":{"line":131,"column":34}},{"start":{"line":131,"column":38},"end":{"line":131,"column":43}}],"line":131},"56":{"loc":{"start":{"line":132,"column":12},"end":{"line":132,"column":41}},"type":"binary-expr","locations":[{"start":{"line":132,"column":12},"end":{"line":132,"column":30}},{"start":{"line":132,"column":34},"end":{"line":132,"column":41}}],"line":132},"57":{"loc":{"start":{"line":140,"column":2},"end":{"line":142,"column":3}},"type":"if","locations":[{"start":{"line":140,"column":2},"end":{"line":142,"column":3}},{"start":{},"end":{}}],"line":140},"58":{"loc":{"start":{"line":140,"column":6},"end":{"line":140,"column":65}},"type":"binary-expr","locations":[{"start":{"line":140,"column":6},"end":{"line":140,"column":28}},{"start":{"line":140,"column":32},"end":{"line":140,"column":65}}],"line":140},"59":{"loc":{"start":{"line":144,"column":2},"end":{"line":146,"column":3}},"type":"if","locations":[{"start":{"line":144,"column":2},"end":{"line":146,"column":3}},{"start":{},"end":{}}],"line":144},"60":{"loc":{"start":{"line":144,"column":6},"end":{"line":144,"column":68}},"type":"binary-expr","locations":[{"start":{"line":144,"column":6},"end":{"line":144,"column":43}},{"start":{"line":144,"column":47},"end":{"line":144,"column":68}}],"line":144},"61":{"loc":{"start":{"line":148,"column":2},"end":{"line":150,"column":3}},"type":"if","locations":[{"start":{"line":148,"column":2},"end":{"line":150,"column":3}},{"start":{},"end":{}}],"line":148},"62":{"loc":{"start":{"line":148,"column":6},"end":{"line":148,"column":76}},"type":"binary-expr","locations":[{"start":{"line":148,"column":6},"end":{"line":148,"column":40}},{"start":{"line":148,"column":44},"end":{"line":148,"column":76}}],"line":148},"63":{"loc":{"start":{"line":152,"column":2},"end":{"line":154,"column":3}},"type":"if","locations":[{"start":{"line":152,"column":2},"end":{"line":154,"column":3}},{"start":{},"end":{}}],"line":152}},"s":{"0":0,"1":0,"2":0,"3":0,"4":0,"5":0,"6":0,"7":0,"8":0,"9":0,"10":0,"11":0,"12":0,"13":0},"f":{"0":0},"b":{"0":[0,0],"1":[0,0],"2":[0,0],"3":[0,0],"4":[0,0],"5":[0,0],"6":[0,0],"7":[0,0],"8":[0,0],"9":[0,0],"10":[0,0],"11":[0,0],"12":[0,0],"13":[0,0],"14":[0,0],"15":[0,0],"16":[0,0],"17":[0,0],"18":[0,0],"19":[0,0],"20":[0,0],"21":[0,0],"22":[0,0],"23":[0,0],"24":[0,0],"25":[0,0],"26":[0,0],"27":[0,0],"28":[0,0],"29":[0,0],"30":[0,0],"31":[0,0],"32":[0,0],"33":[0,0],"34":[0,0],"35":[0,0],"36":[0,0],"37":[0,0],"38":[0,0],"39":[0,0],"40":[0,0],"41":[0,0],"42":[0,0],"43":[0,0],"44":[0,0],"45":[0,0],"46":[0,0],"47":[0,0],"48":[0,0],"49":[0,0],"50":[0,0],"51":[0,0],"52":[0,0],"53":[0,0],"54":[0,0],"55":[0,0],"56":[0,0],"57":[0,0],"58":[0,0],"59":[0,0],"60":[0,0],"61":[0,0],"62":[0,0],"63":[0,0]}}
,"F:\\Cursor IA\\CLOSET - MANAGER\\closetfesta\\backend\\src\\config\\database-postgres.js": {"path":"F:\\Cursor IA\\CLOSET - MANAGER\\closetfesta\\backend\\src\\config\\database-postgres.js","statementMap":{"0":{"start":{"line":1,"column":17},"end":{"line":1,"column":30}},"1":{"start":{"line":2,"column":15},"end":{"line":2,"column":34}},"2":{"start":{"line":3,"column":25},"end":{"line":3,"column":44}},"3":{"start":{"line":5,"column":15},"end":{"line":5,"column":39}},"4":{"start":{"line":9,"column":4},"end":{"line":9,"column":21}},"5":{"start":{"line":10,"column":4},"end":{"line":10,"column":29}},"6":{"start":{"line":15,"column":23},"end":{"line":42,"column":5}},"7":{"start":{"line":44,"column":4},"end":{"line":51,"column":7}},"8":{"start":{"line":53,"column":4},"end":{"line":53,"column":32}},"9":{"start":{"line":58,"column":4},"end":{"line":82,"column":5}},"10":{"start":{"line":59,"column":6},"end":{"line":59,"column":36}},"11":{"start":{"line":62,"column":21},"end":{"line":62,"column":46}},"12":{"start":{"line":65,"column":21},"end":{"line":65,"column":59}},"13":{"start":{"line":66,"column":6},"end":{"line":70,"column":9}},"14":{"start":{"line":72,"column":6},"end":{"line":72,"column":23}},"15":{"start":{"line":73,"column":6},"end":{"line":73,"column":30}},"16":{"start":{"line":76,"column":6},"end":{"line":76,"column":33}},"17":{"start":{"line":78,"column":6},"end":{"line":78,"column":23}},"18":{"start":{"line":80,"column":6},"end":{"line":80,"column":61}},"19":{"start":{"line":81,"column":6},"end":{"line":81,"column":18}},"20":{"start":{"line":87,"column":4},"end":{"line":92,"column":7}},"21":{"start":{"line":88,"column":6},"end":{"line":91,"column":9}},"22":{"start":{"line":94,"column":4},"end":{"line":99,"column":7}},"23":{"start":{"line":95,"column":6},"end":{"line":98,"column":9}},"24":{"start":{"line":101,"column":4},"end":{"line":106,"column":7}},"25":{"start":{"line":102,"column":6},"end":{"line":105,"column":9}},"26":{"start":{"line":108,"column":4},"end":{"line":110,"column":7}},"27":{"start":{"line":109,"column":6},"end":{"line":109,"column":51}},"28":{"start":{"line":115,"column":4},"end":{"line":117,"column":5}},"29":{"start":{"line":116,"column":6},"end":{"line":116,"column":48}},"30":{"start":{"line":119,"column":18},"end":{"line":119,"column":28}},"31":{"start":{"line":122,"column":4},"end":{"line":141,"column":5}},"32":{"start":{"line":123,"column":6},"end":{"line":123,"column":41}},"33":{"start":{"line":124,"column":21},"end":{"line":124,"column":53}},"34":{"start":{"line":126,"column":23},"end":{"line":126,"column":41}},"35":{"start":{"line":128,"column":6},"end":{"line":130,"column":7}},"36":{"start":{"line":129,"column":8},"end":{"line":129,"column":40}},"37":{"start":{"line":132,"column":6},"end":{"line":132,"column":20}},"38":{"start":{"line":134,"column":23},"end":{"line":134,"column":41}},"39":{"start":{"line":135,"column":6},"end":{"line":135,"column":45}},"40":{"start":{"line":136,"column":6},"end":{"line":136,"column":18}},"41":{"start":{"line":138,"column":6},"end":{"line":140,"column":7}},"42":{"start":{"line":139,"column":8},"end":{"line":139,"column":25}},"43":{"start":{"line":146,"column":4},"end":{"line":148,"column":5}},"44":{"start":{"line":147,"column":6},"end":{"line":147,"column":48}},"45":{"start":{"line":150,"column":19},"end":{"line":150,"column":44}},"46":{"start":{"line":152,"column":4},"end":{"line":167,"column":5}},"47":{"start":{"line":153,"column":6},"end":{"line":153,"column":34}},"48":{"start":{"line":155,"column":21},"end":{"line":155,"column":43}},"49":{"start":{"line":157,"column":6},"end":{"line":157,"column":35}},"50":{"start":{"line":159,"column":6},"end":{"line":159,"column":57}},"51":{"start":{"line":160,"column":6},"end":{"line":160,"column":20}},"52":{"start":{"line":162,"column":6},"end":{"line":162,"column":37}},"53":{"start":{"line":163,"column":6},"end":{"line":163,"column":53}},"54":{"start":{"line":164,"column":6},"end":{"line":164,"column":18}},"55":{"start":{"line":166,"column":6},"end":{"line":166,"column":23}},"56":{"start":{"line":172,"column":4},"end":{"line":174,"column":5}},"57":{"start":{"line":173,"column":6},"end":{"line":173,"column":48}},"58":{"start":{"line":176,"column":19},"end":{"line":176,"column":44}},"59":{"start":{"line":177,"column":20},"end":{"line":177,"column":22}},"60":{"start":{"line":179,"column":4},"end":{"line":200,"column":5}},"61":{"start":{"line":180,"column":6},"end":{"line":180,"column":34}},"62":{"start":{"line":182,"column":6},"end":{"line":185,"column":7}},"63":{"start":{"line":183,"column":23},"end":{"line":183,"column":67}},"64":{"start":{"line":184,"column":8},"end":{"line":184,"column":29}},"65":{"start":{"line":187,"column":6},"end":{"line":187,"column":35}},"66":{"start":{"line":189,"column":6},"end":{"line":191,"column":9}},"67":{"start":{"line":193,"column":6},"end":{"line":193,"column":21}},"68":{"start":{"line":195,"column":6},"end":{"line":195,"column":37}},"69":{"start":{"line":196,"column":6},"end":{"line":196,"column":48}},"70":{"start":{"line":197,"column":6},"end":{"line":197,"column":18}},"71":{"start":{"line":199,"column":6},"end":{"line":199,"column":23}},"72":{"start":{"line":205,"column":4},"end":{"line":207,"column":5}},"73":{"start":{"line":206,"column":6},"end":{"line":206,"column":18}},"74":{"start":{"line":209,"column":4},"end":{"line":215,"column":6}},"75":{"start":{"line":220,"column":4},"end":{"line":236,"column":5}},"76":{"start":{"line":221,"column":21},"end":{"line":221,"column":88}},"77":{"start":{"line":223,"column":6},"end":{"line":227,"column":8}},"78":{"start":{"line":229,"column":6},"end":{"line":229,"column":58}},"79":{"start":{"line":231,"column":6},"end":{"line":235,"column":8}},"80":{"start":{"line":241,"column":4},"end":{"line":246,"column":5}},"81":{"start":{"line":242,"column":6},"end":{"line":242,"column":59}},"82":{"start":{"line":243,"column":6},"end":{"line":243,"column":28}},"83":{"start":{"line":244,"column":6},"end":{"line":244,"column":31}},"84":{"start":{"line":245,"column":6},"end":{"line":245,"column":55}},"85":{"start":{"line":251,"column":4},"end":{"line":257,"column":5}},"86":{"start":{"line":252,"column":20},"end":{"line":252,"column":39}},"87":{"start":{"line":253,"column":6},"end":{"line":253,"column":57}},"88":{"start":{"line":261,"column":0},"end":{"line":261,"column":36}}},"fnMap":{"0":{"name":"(anonymous_0)","decl":{"start":{"line":8,"column":2},"end":{"line":8,"column":3}},"loc":{"start":{"line":8,"column":16},"end":{"line":11,"column":3}},"line":8},"1":{"name":"(anonymous_1)","decl":{"start":{"line":14,"column":2},"end":{"line":14,"column":3}},"loc":{"start":{"line":14,"column":15},"end":{"line":54,"column":3}},"line":14},"2":{"name":"(anonymous_2)","decl":{"start":{"line":57,"column":2},"end":{"line":57,"column":3}},"loc":{"start":{"line":57,"column":18},"end":{"line":83,"column":3}},"line":57},"3":{"name":"(anonymous_3)","decl":{"start":{"line":86,"column":2},"end":{"line":86,"column":3}},"loc":{"start":{"line":86,"column":24},"end":{"line":111,"column":3}},"line":86},"4":{"name":"(anonymous_4)","decl":{"start":{"line":87,"column":28},"end":{"line":87,"column":29}},"loc":{"start":{"line":87,"column":40},"end":{"line":92,"column":5}},"line":87},"5":{"name":"(anonymous_5)","decl":{"start":{"line":94,"column":28},"end":{"line":94,"column":29}},"loc":{"start":{"line":94,"column":40},"end":{"line":99,"column":5}},"line":94},"6":{"name":"(anonymous_6)","decl":{"start":{"line":101,"column":27},"end":{"line":101,"column":28}},"loc":{"start":{"line":101,"column":39},"end":{"line":106,"column":5}},"line":101},"7":{"name":"(anonymous_7)","decl":{"start":{"line":108,"column":26},"end":{"line":108,"column":27}},"loc":{"start":{"line":108,"column":45},"end":{"line":110,"column":5}},"line":108},"8":{"name":"(anonymous_8)","decl":{"start":{"line":114,"column":2},"end":{"line":114,"column":3}},"loc":{"start":{"line":114,"column":33},"end":{"line":142,"column":3}},"line":114},"9":{"name":"(anonymous_9)","decl":{"start":{"line":145,"column":2},"end":{"line":145,"column":3}},"loc":{"start":{"line":145,"column":30},"end":{"line":168,"column":3}},"line":145},"10":{"name":"(anonymous_10)","decl":{"start":{"line":171,"column":2},"end":{"line":171,"column":3}},"loc":{"start":{"line":171,"column":28},"end":{"line":201,"column":3}},"line":171},"11":{"name":"(anonymous_11)","decl":{"start":{"line":204,"column":2},"end":{"line":204,"column":3}},"loc":{"start":{"line":204,"column":17},"end":{"line":216,"column":3}},"line":204},"12":{"name":"(anonymous_12)","decl":{"start":{"line":219,"column":2},"end":{"line":219,"column":3}},"loc":{"start":{"line":219,"column":22},"end":{"line":237,"column":3}},"line":219},"13":{"name":"(anonymous_13)","decl":{"start":{"line":240,"column":2},"end":{"line":240,"column":3}},"loc":{"start":{"line":240,"column":16},"end":{"line":247,"column":3}},"line":240},"14":{"name":"(anonymous_14)","decl":{"start":{"line":250,"column":2},"end":{"line":250,"column":3}},"loc":{"start":{"line":250,"column":33},"end":{"line":258,"column":3}},"line":250}},"branchMap":{"0":{"loc":{"start":{"line":32,"column":11},"end":{"line":34,"column":15}},"type":"cond-expr","locations":[{"start":{"line":32,"column":33},"end":{"line":34,"column":7}},{"start":{"line":34,"column":10},"end":{"line":34,"column":15}}],"line":32},"1":{"loc":{"start":{"line":114,"column":20},"end":{"line":114,"column":31}},"type":"default-arg","locations":[{"start":{"line":114,"column":29},"end":{"line":114,"column":31}}],"line":114},"2":{"loc":{"start":{"line":115,"column":4},"end":{"line":117,"column":5}},"type":"if","locations":[{"start":{"line":115,"column":4},"end":{"line":117,"column":5}},{"start":{},"end":{}}],"line":115},"3":{"loc":{"start":{"line":128,"column":6},"end":{"line":130,"column":7}},"type":"if","locations":[{"start":{"line":128,"column":6},"end":{"line":130,"column":7}},{"start":{},"end":{}}],"line":128},"4":{"loc":{"start":{"line":138,"column":6},"end":{"line":140,"column":7}},"type":"if","locations":[{"start":{"line":138,"column":6},"end":{"line":140,"column":7}},{"start":{},"end":{}}],"line":138},"5":{"loc":{"start":{"line":146,"column":4},"end":{"line":148,"column":5}},"type":"if","locations":[{"start":{"line":146,"column":4},"end":{"line":148,"column":5}},{"start":{},"end":{}}],"line":146},"6":{"loc":{"start":{"line":172,"column":4},"end":{"line":174,"column":5}},"type":"if","locations":[{"start":{"line":172,"column":4},"end":{"line":174,"column":5}},{"start":{},"end":{}}],"line":172},"7":{"loc":{"start":{"line":205,"column":4},"end":{"line":207,"column":5}},"type":"if","locations":[{"start":{"line":205,"column":4},"end":{"line":207,"column":5}},{"start":{},"end":{}}],"line":205},"8":{"loc":{"start":{"line":241,"column":4},"end":{"line":246,"column":5}},"type":"if","locations":[{"start":{"line":241,"column":4},"end":{"line":246,"column":5}},{"start":{},"end":{}}],"line":241},"9":{"loc":{"start":{"line":251,"column":4},"end":{"line":257,"column":5}},"type":"if","locations":[{"start":{"line":251,"column":4},"end":{"line":257,"column":5}},{"start":{},"end":{}}],"line":251}},"s":{"0":0,"1":0,"2":0,"3":0,"4":0,"5":0,"6":0,"7":0,"8":0,"9":0,"10":0,"11":0,"12":0,"13":0,"14":0,"15":0,"16":0,"17":0,"18":0,"19":0,"20":0,"21":0,"22":0,"23":0,"24":0,"25":0,"26":0,"27":0,"28":0,"29":0,"30":0,"31":0,"32":0,"33":0,"34":0,"35":0,"36":0,"37":0,"38":0,"39":0,"40":0,"41":0,"42":0,"43":0,"44":0,"45":0,"46":0,"47":0,"48":0,"49":0,"50":0,"51":0,"52":0,"53":0,"54":0,"55":0,"56":0,"57":0,"58":0,"59":0,"60":0,"61":0,"62":0,"63":0,"64":0,"65":0,"66":0,"67":0,"68":0,"69":0,"70":0,"71":0,"72":0,"73":0,"74":0,"75":0,"76":0,"77":0,"78":0,"79":0,"80":0,"81":0,"82":0,"83":0,"84":0,"85":0,"86":0,"87":0,"88":0},"f":{"0":0,"1":0,"2":0,"3":0,"4":0,"5":0,"6":0,"7":0,"8":0,"9":0,"10":0,"11":0,"12":0,"13":0,"14":0},"b":{"0":[0,0],"1":[0],"2":[0,0],"3":[0,0],"4":[0,0],"5":[0,0],"6":[0,0],"7":[0,0],"8":[0,0],"9":[0,0]}}
,"F:\\Cursor IA\\CLOSET - MANAGER\\closetfesta\\backend\\src\\config\\database.js": {"path":"F:\\Cursor IA\\CLOSET - MANAGER\\closetfesta\\backend\\src\\config\\database.js","statementMap":{"0":{"start":{"line":1,"column":16},"end":{"line":1,"column":44}},"1":{"start":{"line":2,"column":17},"end":{"line":2,"column":30}},"2":{"start":{"line":3,"column":13},"end":{"line":3,"column":28}},"3":{"start":{"line":4,"column":11},"end":{"line":4,"column":24}},"4":{"start":{"line":8,"column":4},"end":{"line":8,"column":19}},"5":{"start":{"line":9,"column":4},"end":{"line":9,"column":48}},"6":{"start":{"line":10,"column":4},"end":{"line":10,"column":27}},"7":{"start":{"line":14,"column":4},"end":{"line":16,"column":6}},"8":{"start":{"line":20,"column":4},"end":{"line":23,"column":5}},"9":{"start":{"line":21,"column":6},"end":{"line":21,"column":41}},"10":{"start":{"line":22,"column":6},"end":{"line":22,"column":34}},"11":{"start":{"line":24,"column":4},"end":{"line":24,"column":29}},"12":{"start":{"line":28,"column":4},"end":{"line":30,"column":5}},"13":{"start":{"line":29,"column":6},"end":{"line":29,"column":21}},"14":{"start":{"line":32,"column":4},"end":{"line":45,"column":5}},"15":{"start":{"line":33,"column":6},"end":{"line":37,"column":7}},"16":{"start":{"line":34,"column":8},"end":{"line":34,"column":35}},"17":{"start":{"line":35,"column":13},"end":{"line":37,"column":7}},"18":{"start":{"line":36,"column":8},"end":{"line":36,"column":39}},"19":{"start":{"line":39,"column":6},"end":{"line":39,"column":28}},"20":{"start":{"line":40,"column":6},"end":{"line":40,"column":66}},"21":{"start":{"line":41,"column":6},"end":{"line":41,"column":21}},"22":{"start":{"line":43,"column":6},"end":{"line":43,"column":71}},"23":{"start":{"line":44,"column":6},"end":{"line":44,"column":18}},"24":{"start":{"line":49,"column":19},"end":{"line":49,"column":62}},"25":{"start":{"line":50,"column":18},"end":{"line":50,"column":38}},"26":{"start":{"line":53,"column":4},"end":{"line":55,"column":5}},"27":{"start":{"line":54,"column":6},"end":{"line":54,"column":47}},"28":{"start":{"line":57,"column":4},"end":{"line":61,"column":7}},"29":{"start":{"line":58,"column":6},"end":{"line":60,"column":7}},"30":{"start":{"line":59,"column":8},"end":{"line":59,"column":18}},"31":{"start":{"line":64,"column":4},"end":{"line":64,"column":44}},"32":{"start":{"line":66,"column":4},"end":{"line":71,"column":7}},"33":{"start":{"line":67,"column":6},"end":{"line":70,"column":9}},"34":{"start":{"line":68,"column":8},"end":{"line":69,"column":30}},"35":{"start":{"line":68,"column":17},"end":{"line":68,"column":29}},"36":{"start":{"line":69,"column":13},"end":{"li
[...]
,"F:\\Cursor IA\\CLOSET - MANAGER\\closetfesta\\backend\\src\\routes\\products.js": {"path":"F:\\Cursor IA\\CLOSET - MANAGER\\closetfesta\\backend\\src\\routes\\products.js","statementMap":{"0":{"start":{"line":1,"column":16},"end":{"line":1,"column":34}},"1":{"start":{"line":2,"column":12},"end":{"line":2,"column":26}},"2":{"start":{"line":3,"column":16},"end":{"line":3,"column":44}},"3":{"start":{"line":4,"column":17},"end":{"line":4,"column":46}},"4":{"start":{"line":5,"column":48},"end":{"line":5,"column":79}},"5":{"start":{"line":7,"column":15},"end":{"line":7,"column":31}},"6":{"start":{"line":10,"column":22},"end":{"line":18,"column":2}},"7":{"start":{"line":20,"column":28},"end":{"line":20,"column":123}},"8":{"start":{"line":20,"column":105},"end":{"line":20,"column":122}},"9":{"start":{"line":23,"column":0},"end":{"line":85,"column":3}},"10":{"start":{"line":24,"column":2},"end":{"line":84,"column":3}},"11":{"start":{"line":33,"column":8},"end":{"line":33,"column":17}},"12":{"start":{"line":35,"column":20},"end":{"line":44,"column":5}},"13":{"start":{"line":48,"column":4},"end":{"line":52,"column":5}},"14":{"start":{"line":49,"column":6},"end":{"line":49,"column":55}},"15":{"start":{"line":51,"column":6},"end":{"line":51,"column":48}},"16":{"start":{"line":55,"column":20},"end":{"line":55,"column":69}},"17":{"start":{"line":57,"column":4},"end":{"line":69,"column":7}},"18":{"start":{"line":58,"column":26},"end":{"line":58,"column":42}},"19":{"start":{"line":59,"column":6},"end":{"line":67,"column":7}},"20":{"start":{"line":60,"column":8},"end":{"line":66,"column":12}},"21":{"start":{"line":60,"column":60},"end":{"line":66,"column":9}},"22":{"start":{"line":68,"column":6},"end":{"line":68,"column":25}},"23":{"start":{"line":71,"column":4},"end":{"line":75,"column":7}},"24":{"start":{"line":78,"column":4},"end":{"line":78,"column":53}},"25":{"start":{"line":79,"column":4},"end":{"line":83,"column":7}},"26":{"start":{"line":88,"column":0},"end":{"line":131,"column":3}},"27":{"start":{"line":89,"column":2},"end":{"line":130,"column":3}},"28":{"start":{"line":90,"column":19},"end":{"line":90,"column":29}},"29":{"start":{"line":92,"column":20},"end":{"line":95,"column":6}},"30":{"start":{"line":97,"column":4},"end":{"line":102,"column":5}},"31":{"start":{"line":98,"column":6},"end":{"line":101,"column":9}},"32":{"start":{"line":105,"column":20},"end":{"line":105,"column":69}},"33":{"start":{"line":106,"column":24},"end":{"line":106,"column":40}},"34":{"start":{"line":108,"column":4},"end":{"line":116,"column":5}},"35":{"start":{"line":109,"column":6},"end":{"line":115,"column":10}},"36":{"start":{"line":109,"column":58},"end":{"line":115,"column":7}},"37":{"start":{"line":118,"column":4},"end":{"line":121,"column":7}},"38":{"start":{"line":124,"column":4},"end":{"line":124,"column":52}},"39":{"start":{"line":125,"column":4},"end":{"line":129,"column":7}},"40":{"start":{"line":134,"column":0},"end":{"line":173,"column":3}},"41":{"start":{"line":135,"column":2},"end":{"line":172,"column":3}},"42":{"start":{"line":137,"column":29},"end":{"line":137,"column":61}},"43":{"start":{"line":138,"column":4},"end":{"line":144,"column":5}},"44":{"start":{"line":139,"column":6},"end":{"line":143,"column":9}},"45":{"start":{"line":142,"column":44},"end":{"line":142,"column":58}},"46":{"start":{"line":147,"column":21},"end":{"line":147,"column":63}},"47":{"start":{"line":148,"column":4},"end":{"line":153,"column":5}},"48":{"start":{"line":149,"column":6},"end":{"line":152,"column":9}},"49":{"start":{"line":156,"column":20},"end":{"line":156,"column":38}},"50":{"start":{"line":157,"column":4},"end":{"line":157,"column":25}},"51":{"start":{"line":159,"column":4},"end":{"line":163,"column":7}},"52":{"start":{"line":166,"column":4},"end":{"line":166,"column":51}},"53":{"start":{"line":167,"column":4},"end":{"line":171,"column":7}},"54":{"start":{"line":176,"column":0},"end":{"line":228,"column":3}},"55":{"start":{"line":177,"column":2},"end":{"line":227,"column":3}},"56":{"start":{"line":178,"column":19},"end":{"line":178,"column":29}},"57":{"start":{"line":181,"column":29},"end":{"line":181,"column":67}},"58":{"start":{"line":182,"column":4},"end":{"line":188,"column":5}},"59":{"start":{"line":183,"column":6},"end":{"line":187,"column":9}},"60":{"start":{"line":186,"column":44},"end":{"line":186,"column":58}},"61":{"start":{"line":191,"column":20},"end":{"line":191,"column":46}},"62":{"start":{"line":192,"column":4},"end":{"line":197,"column":5}},"63":{"start":{"line":193,"column":6},"end":{"line":196,"column":9}},"64":{"start":{"line":200,"column":4},"end":{"line":208,"column":5}},"65":{"start":{"line":201,"column":23},"end":{"line":201,"column":65}},"66":{"start":{"line":202,"column":6},"end":{"line":207,"column":7}},"67":{"start":{"line":203,"column":8},"end":{"line":206,"column":11}},"68":{"start":{"line":211,"column":4},"end":{"line":211,"column":34}},"69":{"start":{"line":212,"column":4},"end":{"line":212,"column":25}},"70":{"start":{"line":214,"column":4},"end":{"line":218,"column":7}},"71":{"start":{"line":221,"column":4},"end":{"line":221,"column":55}},"72":{"start":{"line":222,"column":4},"end":{"line":226,"column":7}},"73":{"start":{"line":231,"column":0},"end":{"line":269,"column":3}},"74":{"start":{"line":232,"column":2},"end":{"line":268,"column":3}},"75":{"start":{"line":233,"column":19},"end":{"line":233,"column":29}},"76":{"start":{"line":234,"column":28},"end":{"line":234,"column":37}},"77":{"start":{"line":236,"column":20},"end":{"line":236,"column":71}},"78":{"start":{"line":237,"column":4},"end":{"line":242,"column":5}},"79":{"start":{"line":238,"column":6},"end":{"line":241,"column":9}},"80":{"start":{"line":245,"column":4},"end":{"line":250,"column":5}},"81":{"start":{"line":246,"column":6},"end":{"line":249,"column":7}},"82":{"start":{"line":247,"column":27},"end":{"line":247,"column":67}},"83":{"start":{"line":247,"column":53},"end":{"line":247,"column":66}},"84":{"start":{"line":248,"column":8},"end":{"line":248,"column":39}},"85":{"start":{"line":252,"column":4},"end":{"line":252,"column":49}},"86":{"start":{"line":254,"column":4},"end":{"line":259,"column":7}},"87":{"start":{"line":262,"column":4},"end":{"line":262,"column":53}},"88":{"start":{"line":263,"column":4},"end":{"line":267,"column":7}},"89":{"start":{"line":272,"column":0},"end":{"line":328,"column":2}},"90":{"start":{"line":276,"column":4},"end":{"line":326,"column":5}},"91":{"start":{"line":277,"column":21},"end":{"line":277,"column":31}},"92":{"start":{"line":279,"column":22},"end":{"line":279,"column":48}},"93":{"start":{"line":280,"column":6},"end":{"line":285,"column":7}},"94":{"start":{"line":281,"column":8},"end":{"line":284,"column":11}},"95":{"start":{"line":287,"column":6},"end":{"line":292,"column":7}},"96":{"start":{"line":288,"column":8},"end":{"line":291,"column":11}},"97":{"start":{"line":294,"column":26},"end":{"line":294,"column":28}},"98":{"start":{"line":296,"column":6},"end":{"line":311,"column":7}},"99":{"start":{"line":297,"column":24},"end":{"line":303,"column":10}},"100":{"start":{"line":305,"column":8},"end":{"line":310,"column":11}},"101":{"start":{"line":313,"column":6},"end":{"line":317,"column":9}},"102":{"start":{"line":320,"column":6},"end":{"line":320,"column":63}},"103":{"start":{"line":321,"column":6},"end":{"line":325,"column":9}},"104":{"start":{"line":331,"column":0},"end":{"line":371,"column":3}},"105":{"start":{"line":332,"column":2},"end":{"line":370,"column":3}},"106":{"start":{"line":333,"column":28},"end":{"line":333,"column":38}},"107":{"start":{"line":335,"column":20},"end":{"line":335,"column":71}},"108":{"start":{"line":336,"column":4},"end":{"line":341,"column":5}},"109":{"start":{"line":337,"column":6},"end":{"line":340,"column":9}},"110":{"start":{"line":344,"column":18},"end":{"line":344,"column":65}},"111":{"start":{"line":344,"column":46},"end":{"line":344,"column":64}},"112":{"start":{"line":345,"column":4},"end":{"line":350,"column":5}},"113":{"start":{"line":346,"column":6},"end":{"line":349,"column":9}},"114":{"start":{"line":353,"column":4},"end":{"line":353,"column":39}},"115":{"start":{"line":356,"column":4},"end":{"line":356,"column":40}},"116":{"start":{"line":358,"column":4},"end":{"line":361,"column":7}},"117":{"start":{"line":364,"column":4},"end":{"line":364,"column":52}},"118":{"start":{"line":365,"column":4},"end":{"line":369,"column":7}},"119":{"start":{"line":373,"column":0},"end":{"line":373,"column":24}}},"fnMap":{"0":{"name":"(anonymous_0)","decl":{"start":{"line":20,"column":93},"end":{"line":20,"column":94}},"loc":{"start":{"line":20,"column":105},"end":{"line":20,"column":122}},"line":20},"1":{"name":"(anonymous_1)","decl":{"start":{"line":23,"column":16},"end":{"line":23,"column":17}},"loc":{"start":{"line":23,"column":36},"end":{"line":85,"column":1}},"line":23},"2":{"name":"(anonymous_2)","decl":{"start":{"line":57,"column":28},"end":{"line":57,"column":29}},"loc":{"start":{"line":57,"column":39},"end":{"line":69,"column":5}},"line":57},"3":{"name":"(anonymous_3)","decl":{"start":{"line":60,"column":52},"end":{"line":60,"column":53}},"loc":{"start":{"line":60,"column":60},"end":{"line":66,"column":9}},"line":60},"4":{"name":"(anonymous_4)","decl":{"start":{"line":88,"column":19},"end":{"line":88,"column":20}},"loc":{"start":{"line":88,"column":39},"end":{"line":131,"column":1}},"line":88},"5":{"name":"(anonymous_5)","decl":{"start":{"line":109,"column":50},"end":{"line":109,"column":51}},"loc":{"start":{"line":109,"column":58},"end":{"line":115,"column":7}},"line":109},"6":{"name":"(anonymous_6)","decl":{"start":{"line":134,"column":17},"end":{"line":134,"column":18}},"loc":{"start":{"line":134,"column":37},"end":{"line":173,"column":1}},"line":134},"7":{"name":"(anonymous_7)","decl":{"start":{"line":142,"column":34},"end":{"line":142,"column":35}},"loc":{"start":{"line":142,"column":44},"end":{"line":142,"column":58}},"line":142},"8":{"name":"(anonymous_8)","decl":{"start":{"line":176,"column":19},"end":{"line":176,"column":20}},"loc":{"start":{"line":176,"column":39},"end":{"line":228,"column":1}},"line":176},"9":{"name":"(anonymous_9)","decl":{"start":{"line":186,"column":34},"end":{"line":186,"column":35}},"loc":{"start":{"line":186,"column":44},"end":{"line":186,"column":58}},"line":186},"10":{"name":"(anonymous_10)","decl":{"start":{"line":231,"column":22},"end":{"line":231,"column":23}},"loc":{"start":{"line":231,"column":42},"end":{"line":269,"column":1}},"line":231},"11":{"name":"(anonymous_11)","decl":{"start":{"line":247,"column":46},"end":{"line":247,"column":47}},"loc":{"start":{"line":247,"column":53},"end":{"line":247,"column":66}},"line":247},"12":{"name":"(anonymous_12)","decl":{"start":{"line":275,"column":2},"end":{"line":275,"column":3}},"loc":{"start":{"line":275,"column":22},"end":{"line":327,"column":3}},"line":275},"13":{"name":"(anonymous_13)","decl":{"start":{"line":331,"column":38},"end":{"line":331,"column":39}},"loc":{"start":{"line":331,"column":58},"end":{"line":371,"column":1}},"line":331},"14":{"name":"(anonymous_14)","decl":{"start":{"line":344,"column":39},"end":{"line":344,"column":40}},"loc":{"start":{"line":344,"column":46},"end":{"line":344,"column":64}},"line":344}},"branchMap":{"0":{"loc":{"start":{"line":32,"column":6},"end":{"line":32,"column":16}},"type":"default-arg","locations":[{"start":{"line":32,"column":15},"end":{"line":32,"column":16}}],"line":32},"1":{"loc":{"start":{"line":39,"column":18},"end":{"line":39,"column":37}},"type":"binary-expr","locations":[{"start":{"line":39,"column":18},"end":{"line":39,"column":29}},{"start":{"line":39,"column":33},"end":{"line":39,"column":37}}],"line":39},"2":{"loc":{"start":{"line":40,"column":16},"end":{"line":40,"column":67}},"type":"cond-expr","locations":[{"start":{"line":40,"column":41},"end":{"line":40,"column":60}},{"start":{"line":40,"column":63},"end":{"line":40,"column":67}}],"line":40},"3":{"loc":{"start":{"line":42,"column":13},"end":{"line":42,"column":43}},"type":"cond-expr","locations":[{"start":{"line":42,"column":21},"end":{"line":42,"column":36}},{"start":{"line":42,"column":39},"end":{"line":42,"column":43}}],"line":42},"4":{"loc":{"start":{"line":48,"column":4},"end":{"line":52,"column":5}},"type":"if","locations":[{"start":{"line":48,"column":4},"end":{"line":52,"column":5}},{"start":{"line":50,"column":11},"end":{"line":52,"column":5}}],"line":48},"5":{"loc":{"start":{"line":59,"column":6},"end":{"line":67,"column":7}},"type":"if","locations":[{"start":{"line":59,"column":6},"end":{"line":67,"column":7}},{"start":{},"end":{}}],"line":59},"6":{"loc":{"start":{"line":63,"column":25},"end":{"line":65,"column":120}},"type":"cond-expr","locations":[{"start":{"line":64,"column":14},"end":{"line":64,"column":43}},{"start":{"line":65,"column":14},"end":{"line":65,"column":120}}],"line":63},"7":{"loc":{"start":{"line":97,"column":4},"end":{"line":102,"column":5}},"type":"if","locations":[{"start":{"line":97,"column":4},"end":{"line":102,"column":5}},{"start":{},"end":{}}],"line":97},"8":{"loc":{"start":{"line":108,"column":4},"end":{"line":116,"column":5}},"type":"if","locations":[{"start":{"line":108,"column":4},"end":{"line":116,"column":5}},{"start":{},"end":{}}],"line":108},"9":{"loc":{"start":{"line":112,"column":23},"end":{"line":114,"column":118}},"type":"cond-expr","locations":[{"start":{"line":113,"column":12},"end":{"line":113,"column":41}},{"start":{"line":114,"column":12},"end":{"line":114,"column":118}}],"line":112},"10":{"loc":{"start":{"line":138,"column":4},"end":{"line":144,"column":5}},"type":"if","locations":[{"start":{"line":138,"column":4},"end":{"line":144,"column":5}},{"start":{},"end":{}}],"line":138},"11":{"loc":{"start":{"line":148,"column":4},"end":{"line":153,"column":5}},"type":"if","locations":[{"start":{"line":148,"column":4},"end":{"line":153,"column":5}},{"start":{},"end":{}}],"line":148},"12":{"loc":{"start":{"line":182,"column":4},"end":{"line":188,"column":5}},"type":"if","locations":[{"start":{"line":182,"column":4},"end":{"line":188,"column":5}},{"start":{},"end":{}}],"line":182},"13":{"loc":{"start":{"line":192,"column":4},"end":{"line":197,"column":5}},"type":"if","locations":[{"start":{"line":192,"column":4},"end":{"line":197,"column":5}},{"start":{},"end":{}}],"line":192},"14":{"loc":{"start":{"line":200,"column":4},"end":{"line":208,"column":5}},"type":"if","locations":[{"start":{"line":200,"column":4},"end":{"line":208,"column":5}},{"start":{},"end":{}}],"line":200},"15":{"loc":{"start":{"line":202,"column":6},"end":{"line":207,"column":7}},"type":"if","locations":[{"start":{"line":202,"column":6},"end":{"line":207,"column":7}},{"start":{},"end":{}}],"line":202},"16":{"loc":{"start":{"line":237,"column":4},"end":{"line":242,"column":5}},"type":"if","locations":[{"start":{"line":237,"column":4},"end":{"line":242,"column":5}},{"start":{},"end":{}}],"line":237},"17":{"loc":{"start":{"line":245,"column":4},"end":{"line":250,"column":5}},"type":"if","locations":[{"start":{"line":245,"column":4},"end":{"line":250,"column":5}},{"start":{},"end":{}}],"line":245},"18":{"loc":{"start":{"line":246,"column":6},"end":{"line":249,"column":7}},"type":"if","locations":[{"start":{"line":246,"column":6},"end":{"line":249,"column":7}},{"start":{},"end":{}}],"line":246},"19":{"loc":{"start":{"line":246,"column":10},"end":{"line":246,"column":53}},"type":"binary-expr","locations":[{"start":{"line":246,"column":10},"end":{"line":246,"column":24}},{"start":{"line":246,"column":28},"end":{"line":246,"column":53}}],"line":246},"20":{"loc":{"start":{"line":256,"column":15},"end":{"line":258,"column":40}},"type":"cond-expr","locations":[{"start":{"line":257,"column":10},"end":{"line":257,"column":44}},{"start":{"line":258,"column":10},"end":{"line":258,"column":40}}],"line":256},"21":{"loc":{"start":{"line":280,"column":6},"end":{"line":285,"column":7}},"type":"if","locations":[{"start":{"line":280,"column":6},"end":{"line":285,"column":7}},{"start":{},"end":{}}],"line":280},"22":{"loc":{"start":{"line":287,"column":6},"end":{"line":292,"column":7}},"type":"if","locations":[{"start":{"line":287,"column":6},"end":{"line":292,"column":7}},{"start":{},"end":{}}],"line":287},"23":{"loc":{"start":{"line":287,"column":10},"end":{"line":287,"column":64}},"type":"binary-expr","locations":[{"start":{"line":287,"column":10},"end":{"line":287,"column":29}},{"start":{"line":287,"column":33},"end":{"line":287,"column":64}}],"line":287},"24":{"loc":{"start":{"line":336,"column":4},"end":{"line":341,"column":5}},"type":"if","locations":[{"start":{"line":336,"column":4},"end":{"line":341,"column":5}},{"start":{},"end":{}}],"line":336},"25":{"loc":{"start":{"line":345,"column":4},"end":{"line":350,"column":5}},"type":"if","locations":[{"start":{"line":345,"column":4},"end":{"line":350,"column":5}},{"start":{},"end":{}}],"line":345}},"s":{"0":0,"1":0,"2":0,"3":0,"4":0,"5":0,"6":0,"7":0,"8":0,"9":0,"10":0,"11":0,"12":0,"13":0,"14":0,"15":0,"16":0,"17":0,"18":0,"19":0,"20":0,"21":0,"22":0,"23":0,"24":0,"25":0,"26":0,"27":0,"28":0,"29":0,"30":0,"31":0,"32":0,"33":0,"34":0,"35":0,"36":0,"37":0,"38":0,"39":0,"40":0,"41":0,"42":0,"43":0,"44":0,"45":0,"46":0,"47":0,"48":0,"49":0,"50":0,"51":0,"52":0,"53":0,"54":0,"55":0,"56":0,"57":0,"58":0,"59":0,"60":0,"61":0,"62":0,"63":0,"64":0,"65":0,"66":0,"67":0,"68":0,"69":0,"70":0,"71":0,"72":0,"73":0,"74":0,"75":0,"76":0,"77":0,"78":0,"79":0,"80":0,"81":0,"82":0,"83":0,"84":0,"85":0,"86":0,"87":0,"88":0,"89":0,"90":0,"91":0,"92":0,"93":0,"94":0,"95":0,"96":0,"97":0,"98":0,"99":0,"100":0,"101":0,"102":0,"103":0,"104":0,"105":0,"106":0,"107":0,"108":0,"109":0,"110":0,"111":0,"112":0,"113":0,"114":0,"115":0,"116":0,"117":0,"118":0,"119":0},"f":{"0":0,"1":0,"2":0,"3":0,"4":0,"5":0,"6":0,"7":0,"8":0,"9":0,"10":0,"11":0,"12":0,"13":0,"14":0},"b":{"0":[0],"1":[0,0],"2":[0,0],"3":[0,0],"4":[0,0],"5":[0,0],"6":[0,0],"7":[0,0],"8":[0,0],"9":[0,0],"10":[0,0],"11":[0,0],"12":[0,0],"13":[0,0],"14":[0,0],"15":[0,0],"16":[0,0],"17":[0,0],"18":[0,0],"19":[0,0],"20":[0,0],"21":[0,0],"22":[0,0],"23":[0,0],"24":[0,0],"25":[0,0]}}
}
